2020/01/17 22:35:55 СТАРТ 2020-01-17 22:35:55.011651731 +0300 MSK m=+0.057822323 
2020/01/17 22:35:55 func check_nsi
2020/01/17 22:35:55 scanner R48-398508-N
2020/01/17 22:35:55 scanner R48-398510-N
2020/01/17 22:35:55 scanner R48-398517-N
2020/01/17 22:35:55 scanner R48-398511-N
2020/01/17 22:35:55 scanner R48-398524-N
2020/01/17 22:35:55 scanner R48-398505-N
2020/01/17 22:35:55 scanner R48-398523-N
2020/01/17 22:35:55 scanner R48-398916-N
2020/01/17 22:35:55 scanner R48-398542-N
2020/01/17 22:35:55 scanner R48-398507-N
2020/01/17 22:35:55 scanner R48-398901-N
2020/01/17 22:35:55 scanner R48-398501-N
2020/01/17 22:35:55 scanner R48-398516-N
2020/01/17 22:35:55 scanner R48-398526-N
2020/01/17 22:35:55 scanner R48-398515-N
2020/01/17 22:35:55 scanner R48-398525-N
2020/01/17 22:35:55 scanner R48-398531-N
2020/01/17 22:35:55 scanner R48-398000-N
2020/01/17 22:35:55 scanner R48-398001-N
2020/01/17 22:35:55 scanner R48-398010-N
2020/01/17 22:35:55 scanner R48-398011-N
2020/01/17 22:35:55 scanner R48-398013-N
2020/01/17 22:35:55 scanner R48-398014-N
2020/01/17 22:35:55 scanner R48-398015-N
2020/01/17 22:35:55 scanner R48-398016-N
2020/01/17 22:35:55 scanner R48-398017-N
2020/01/17 22:35:55 scanner R48-398019-N
2020/01/17 22:35:55 scanner R48-398002-N
2020/01/17 22:35:55 scanner R48-398020-N
2020/01/17 22:35:55 scanner R48-398024-N
2020/01/17 22:35:55 scanner R48-398025-N
2020/01/17 22:35:55 scanner R48-398026-N
2020/01/17 22:35:55 scanner R48-398027-N
2020/01/17 22:35:55 scanner R48-398029-N
2020/01/17 22:35:55 scanner R48-398032-N
2020/01/17 22:35:55 scanner R48-398035-N
2020/01/17 22:35:55 scanner R48-398036-N
2020/01/17 22:35:55 scanner R48-398037-N
2020/01/17 22:35:55 scanner R48-398038-N
2020/01/17 22:35:55 scanner R48-398004-N
2020/01/17 22:35:55 scanner R48-398040-N
2020/01/17 22:35:55 scanner R48-398041-N
2020/01/17 22:35:55 scanner R48-398042-N
2020/01/17 22:35:55 scanner R48-398043-N
2020/01/17 22:35:55 scanner R48-398046-N
2020/01/17 22:35:55 scanner R48-398048-N
2020/01/17 22:35:55 scanner R48-398005-N
2020/01/17 22:35:55 scanner R48-398050-N
2020/01/17 22:35:55 scanner R48-398054-N
2020/01/17 22:35:55 scanner R48-398055-N
2020/01/17 22:35:55 scanner R48-398056-N
2020/01/17 22:35:55 scanner R48-398058-N
2020/01/17 22:35:55 scanner R48-398059-N
2020/01/17 22:35:55 scanner R48-398006-N
2020/01/17 22:35:55 scanner R48-398060-N
2020/01/17 22:35:55 scanner R48-398064-N
2020/01/17 22:35:55 scanner R48-398066-N
2020/01/17 22:35:55 scanner R48-398067-N
2020/01/17 22:35:55 scanner R48-398007-N
2020/01/17 22:35:55 scanner R48-398070-N
2020/01/17 22:35:55 scanner R48-398008-N
2020/01/17 22:35:55 scanner R48-398908-N
2020/01/17 22:35:55 scanner R48-398522-N
2020/01/17 22:35:55 scanner R48-398503-N
2020/01/17 22:35:55 scanner R48-398550-N
2020/01/17 22:35:55 scanner R48-398532-N
2020/01/17 22:35:55 scanner R48-398541-N
2020/01/17 22:35:55 scanner R48-398540-N
2020/01/17 22:35:55 scanner R48-398509-N
2020/01/17 22:35:55 scanner R48-398914-N
2020/01/17 22:35:55 scanner R48-398520-N
2020/01/17 22:35:55 scanner R48-398502-N
2020/01/17 22:35:55 scanner R48-398504-N
2020/01/17 22:35:55 scanner R48-398902-N
2020/01/17 22:35:55 scanner R48-398533-N
2020/01/17 22:35:55 scanner R48-398560-N
2020/01/17 22:35:55 scanner R48-398512-N
2020/01/17 22:35:55 scanner R48-398530-N
2020/01/17 22:35:55 scanner R48-398506-N
2020/01/17 22:35:55 scanner R48-398513-N
2020/01/17 22:35:55 scanner R48-399000-N
2020/01/17 22:35:55 scanner R48-399002-N
2020/01/17 22:35:55 scanner R48-399003-N
2020/01/17 22:35:55 scanner R48-399007-N
2020/01/17 22:35:55 scanner R48-399008-N
2020/01/17 22:35:55 scanner R48-399010-N
2020/01/17 22:35:55 scanner R48-399012-N
2020/01/17 22:35:55 scanner R48-399014-N
2020/01/17 22:35:55 scanner R48-399015-N
2020/01/17 22:35:55 scanner R48-399020-N
2020/01/17 22:35:55 scanner R48-399021-N
2020/01/17 22:35:55 scanner R48-399022-N
2020/01/17 22:35:55 scanner R48-399024-N
2020/01/17 22:35:55 scanner R48-399025-N
2020/01/17 22:35:55 scanner R48-399026-N
2020/01/17 22:35:55 scanner R48-399028-N
2020/01/17 22:35:55 scanner R48-399030-N
2020/01/17 22:35:55 scanner R48-399040-N
2020/01/17 22:35:55 scanner R48-399041-N
2020/01/17 22:35:55 scanner R48-399043-N
2020/01/17 22:35:55 scanner R48-399050-N
2020/01/17 22:35:55 scanner R48-399052-N
2020/01/17 22:35:55 scanner R48-399053-N
2020/01/17 22:35:55 scanner R48-399054-N
2020/01/17 22:35:55 scanner R48-399055-N
2020/01/17 22:35:55 scanner R48-399056-N
2020/01/17 22:35:55 scanner R48-399057-N
2020/01/17 22:35:55 scanner R48-399058-N
2020/01/17 22:35:55 scanner R48-399059-N
2020/01/17 22:35:55 scanner R48-399060-N
2020/01/17 22:35:55 scanner R48-399061-N
2020/01/17 22:35:55 scanner R48-399071-N
2020/01/17 22:35:55 scanner R48-399072-N
2020/01/17 22:35:55 scanner R48-399073-N
2020/01/17 22:35:55 scanner R48-399074-N
2020/01/17 22:35:55 scanner R48-399075-N
2020/01/17 22:35:55 scanner R48-399077-N
2020/01/17 22:35:55 scanner R48-399081-N
2020/01/17 22:35:55 scanner R48-399082-N
2020/01/17 22:35:55 scanner R48-399083-N
2020/01/17 22:35:55 scanner R48-399085-N
2020/01/17 22:35:55 scanner R48-399087-N
2020/01/17 22:35:55 scanner R48-399088-N
2020/01/17 22:35:55 scanner R48-399090-N
2020/01/17 22:35:55 scanner R48-399091-N
2020/01/17 22:35:55 scanner R48-399092-N
2020/01/17 22:35:55 scanner R48-399200-N
2020/01/17 22:35:55 scanner R48-399204-N
2020/01/17 22:35:55 scanner R48-399205-N
2020/01/17 22:35:55 scanner R48-399206-N
2020/01/17 22:35:55 scanner R48-399210-N
2020/01/17 22:35:55 scanner R48-399212-N
2020/01/17 22:35:55 scanner R48-399213-N
2020/01/17 22:35:55 scanner R48-399214-N
2020/01/17 22:35:55 scanner R48-399215-N
2020/01/17 22:35:55 scanner R48-399220-N
2020/01/17 22:35:55 scanner R48-399221-N
2020/01/17 22:35:55 scanner R48-399222-N
2020/01/17 22:35:55 scanner R48-399223-N
2020/01/17 22:35:55 scanner R48-399226-N
2020/01/17 22:35:55 scanner R48-399227-N
2020/01/17 22:35:55 scanner R48-399228-N
2020/01/17 22:35:55 scanner R48-399231-N
2020/01/17 22:35:55 scanner R48-399234-N
2020/01/17 22:35:55 scanner R48-399235-N
2020/01/17 22:35:55 scanner R48-399236-N
2020/01/17 22:35:55 scanner R48-399237-N
2020/01/17 22:35:55 scanner R48-399240-N
2020/01/17 22:35:55 scanner R48-399241-N
2020/01/17 22:35:55 scanner R48-399242-N
2020/01/17 22:35:55 scanner R48-399243-N
2020/01/17 22:35:55 scanner R48-399250-N
2020/01/17 22:35:55 scanner R48-399251-N
2020/01/17 22:35:55 scanner R48-399252-N
2020/01/17 22:35:55 scanner R48-399253-N
2020/01/17 22:35:55 scanner R48-399255-N
2020/01/17 22:35:55 scanner R48-399260-N
2020/01/17 22:35:55 scanner R48-399262-N
2020/01/17 22:35:55 scanner R48-399263-N
2020/01/17 22:35:55 scanner R48-399264-N
2020/01/17 22:35:55 scanner R48-399265-N
2020/01/17 22:35:55 scanner R48-399266-N
2020/01/17 22:35:55 scanner R48-399267-N
2020/01/17 22:35:55 scanner R48-399268-N
2020/01/17 22:35:55 scanner R48-399270-N
2020/01/17 22:35:55 scanner R48-399271-N
2020/01/17 22:35:55 scanner R48-399272-N
2020/01/17 22:35:55 scanner R48-399273-N
2020/01/17 22:35:55 scanner R48-399274-N
2020/01/17 22:35:55 scanner R48-399281-N
2020/01/17 22:35:55 scanner R48-399330-N
2020/01/17 22:35:55 scanner R48-399331-N
2020/01/17 22:35:55 scanner R48-399332-N
2020/01/17 22:35:55 scanner R48-399333-N
2020/01/17 22:35:55 scanner R48-399335-N
2020/01/17 22:35:55 scanner R48-399336-N
2020/01/17 22:35:55 scanner R48-399337-N
2020/01/17 22:35:55 scanner R48-399339-N
2020/01/17 22:35:55 scanner R48-399341-N
2020/01/17 22:35:55 scanner R48-399342-N
2020/01/17 22:35:55 scanner R48-399343-N
2020/01/17 22:35:55 scanner R48-399344-N
2020/01/17 22:35:55 scanner R48-399345-N
2020/01/17 22:35:55 scanner R48-399346-N
2020/01/17 22:35:55 scanner R48-399348-N
2020/01/17 22:35:55 scanner R48-399349-N
2020/01/17 22:35:55 scanner R48-399350-N
2020/01/17 22:35:55 scanner R48-399351-N
2020/01/17 22:35:55 scanner R48-399352-N
2020/01/17 22:35:55 scanner R48-399353-N
2020/01/17 22:35:55 scanner R48-399354-N
2020/01/17 22:35:55 scanner R48-399355-N
2020/01/17 22:35:55 scanner R48-399360-N
2020/01/17 22:35:55 scanner R48-399361-N
2020/01/17 22:35:55 scanner R48-399362-N
2020/01/17 22:35:55 scanner R48-399363-N
2020/01/17 22:35:55 scanner R48-399364-N
2020/01/17 22:35:55 scanner R48-399365-N
2020/01/17 22:35:55 scanner R48-399366-N
2020/01/17 22:35:55 scanner R48-399367-N
2020/01/17 22:35:55 scanner R48-399368-N
2020/01/17 22:35:55 scanner R48-399370-N
2020/01/17 22:35:55 scanner R48-399371-N
2020/01/17 22:35:55 scanner R48-399372-N
2020/01/17 22:35:55 scanner R48-399373-N
2020/01/17 22:35:55 scanner R48-399374-N
2020/01/17 22:35:55 scanner R48-399410-N
2020/01/17 22:35:55 scanner R48-399412-N
2020/01/17 22:35:55 scanner R48-399413-N
2020/01/17 22:35:55 scanner R48-399414-N
2020/01/17 22:35:55 scanner R48-399415-N
2020/01/17 22:35:55 scanner R48-399417-N
2020/01/17 22:35:55 scanner R48-399418-N
2020/01/17 22:35:55 scanner R48-399420-N
2020/01/17 22:35:55 scanner R48-399421-N
2020/01/17 22:35:55 scanner R48-399422-N
2020/01/17 22:35:55 scanner R48-399430-N
2020/01/17 22:35:55 scanner R48-399431-N
2020/01/17 22:35:55 scanner R48-399433-N
2020/01/17 22:35:55 scanner R48-399434-N
2020/01/17 22:35:55 scanner R48-399436-N
2020/01/17 22:35:55 scanner R48-399440-N
2020/01/17 22:35:55 scanner R48-399441-N
2020/01/17 22:35:55 scanner R48-399442-N
2020/01/17 22:35:55 scanner R48-399443-N
2020/01/17 22:35:55 scanner R48-399444-N
2020/01/17 22:35:55 scanner R48-399445-N
2020/01/17 22:35:55 scanner R48-399446-N
2020/01/17 22:35:55 scanner R48-399450-N
2020/01/17 22:35:55 scanner R48-399451-N
2020/01/17 22:35:55 scanner R48-399453-N
2020/01/17 22:35:55 scanner R48-399454-N
2020/01/17 22:35:55 scanner R48-399455-N
2020/01/17 22:35:55 scanner R48-399456-N
2020/01/17 22:35:55 scanner R48-399457-N
2020/01/17 22:35:55 scanner R48-399458-N
2020/01/17 22:35:55 scanner R48-399700-N
2020/01/17 22:35:55 scanner R48-399702-N
2020/01/17 22:35:55 scanner R48-399704-N
2020/01/17 22:35:55 scanner R48-399706-N
2020/01/17 22:35:55 scanner R48-399707-N
2020/01/17 22:35:55 scanner R48-399708-N
2020/01/17 22:35:55 scanner R48-399710-N
2020/01/17 22:35:55 scanner R48-399713-N
2020/01/17 22:35:55 scanner R48-399714-N
2020/01/17 22:35:55 scanner R48-399716-N
2020/01/17 22:35:55 scanner R48-399720-N
2020/01/17 22:35:55 scanner R48-399721-N
2020/01/17 22:35:55 scanner R48-399722-N
2020/01/17 22:35:55 scanner R48-399723-N
2020/01/17 22:35:55 scanner R48-399724-N
2020/01/17 22:35:55 scanner R48-399725-N
2020/01/17 22:35:55 scanner R48-399726-N
2020/01/17 22:35:55 scanner R48-399730-N
2020/01/17 22:35:55 scanner R48-399732-N
2020/01/17 22:35:55 scanner R48-399733-N
2020/01/17 22:35:55 scanner R48-399735-N
2020/01/17 22:35:55 scanner R48-399741-N
2020/01/17 22:35:55 scanner R48-399742-N
2020/01/17 22:35:55 scanner R48-399743-N
2020/01/17 22:35:55 scanner R48-399744-N
2020/01/17 22:35:55 scanner R48-399745-N
2020/01/17 22:35:55 scanner R48-399746-N
2020/01/17 22:35:55 scanner R48-399747-N
2020/01/17 22:35:55 scanner R48-399748-N
2020/01/17 22:35:55 scanner R48-399749-N
2020/01/17 22:35:55 scanner R48-399750-N
2020/01/17 22:35:55 scanner R48-399752-N
2020/01/17 22:35:55 scanner R48-399753-N
2020/01/17 22:35:55 scanner R48-399754-N
2020/01/17 22:35:55 scanner R48-399755-N
2020/01/17 22:35:55 scanner R48-399759-N
2020/01/17 22:35:55 scanner R48-399760-N
2020/01/17 22:35:55 scanner R48-399761-N
2020/01/17 22:35:55 scanner R48-399762-N
2020/01/17 22:35:55 scanner R48-399764-N
2020/01/17 22:35:55 scanner R48-399768-N
2020/01/17 22:35:55 scanner R48-399770-N
2020/01/17 22:35:55 scanner R48-399771-N
2020/01/17 22:35:55 scanner R48-399772-N
2020/01/17 22:35:55 scanner R48-399773-N
2020/01/17 22:35:55 scanner R48-399774-N
2020/01/17 22:35:55 scanner R48-399775-N
2020/01/17 22:35:55 scanner R48-399776-N
2020/01/17 22:35:55 scanner R48-399777-N
2020/01/17 22:35:55 scanner R48-399778-N
2020/01/17 22:35:55 scanner R48-399780-N
2020/01/17 22:35:55 scanner R48-399782-N
2020/01/17 22:35:55 scanner R48-399783-N
2020/01/17 22:35:55 scanner R48-399784-N
2020/01/17 22:35:55 scanner R48-399785-N
2020/01/17 22:35:55 scanner R48-399787-N
2020/01/17 22:35:55 scanner R48-399788-N
2020/01/17 22:35:55 scanner R48-399800-N
2020/01/17 22:35:55 scanner R48-399801-N
2020/01/17 22:35:55 scanner R48-399811-N
2020/01/17 22:35:55 scanner R48-399812-N
2020/01/17 22:35:55 scanner R48-399813-N
2020/01/17 22:35:55 scanner R48-399814-N
2020/01/17 22:35:55 scanner R48-399817-N
2020/01/17 22:35:55 scanner R48-399821-N
2020/01/17 22:35:55 scanner R48-399822-N
2020/01/17 22:35:55 scanner R48-399823-N
2020/01/17 22:35:55 scanner R48-399824-N
2020/01/17 22:35:55 scanner R48-399825-N
2020/01/17 22:35:55 scanner R48-399830-N
2020/01/17 22:35:55 scanner R48-399831-N
2020/01/17 22:35:55 scanner R48-399832-N
2020/01/17 22:35:55 scanner R48-399833-N
2020/01/17 22:35:55 scanner R48-399836-N
2020/01/17 22:35:55 scanner R48-399837-N
2020/01/17 22:35:55 scanner R48-399838-N
2020/01/17 22:35:55 scanner R48-399839-N
2020/01/17 22:35:55 scanner R48-399840-N
2020/01/17 22:35:55 scanner R48-399841-N
2020/01/17 22:35:55 scanner R48-399843-N
2020/01/17 22:35:55 scanner R48-399844-N
2020/01/17 22:35:55 scanner R48-399845-N
2020/01/17 22:35:55 scanner R48-399850-N
2020/01/17 22:35:55 scanner R48-399851-N
2020/01/17 22:35:55 scanner R48-399852-N
2020/01/17 22:35:55 scanner R48-399853-N
2020/01/17 22:35:55 scanner R48-399854-N
2020/01/17 22:35:55 scanner R48-399870-N
2020/01/17 22:35:55 scanner R48-399873-N
2020/01/17 22:35:55 scanner R48-399874-N
2020/01/17 22:35:55 scanner R48-399875-N
2020/01/17 22:35:55 scanner R48-399876-N
2020/01/17 22:35:55 scanner R48-399877-N
2020/01/17 22:35:55 scanner R48-399878-N
2020/01/17 22:35:55 scanner R48-399879-N
2020/01/17 22:35:55 scanner R48-399880-N
2020/01/17 22:35:55 scanner R48-399881-N
2020/01/17 22:35:55 scanner R48-399882-N
2020/01/17 22:35:55 scanner R48-399883-N
2020/01/17 22:35:55 scanner R48-399884-N
2020/01/17 22:35:55 scanner R48-399886-N
2020/01/17 22:35:55 scanner R48-399887-N
2020/01/17 22:35:55 scanner R48-399888-N
2020/01/17 22:35:55 scanner R48-399891-N
2020/01/17 22:35:55 scanner R48-399892-N
2020/01/17 22:35:55 scanner R48-399893-N
2020/01/17 22:35:55 scanner R48-399140-N
2020/01/17 22:35:55 scanner R48-399144-N
2020/01/17 22:35:55 scanner R48-399145-N
2020/01/17 22:35:55 scanner R48-399146-N
2020/01/17 22:35:55 scanner R48-399147-N
2020/01/17 22:35:55 scanner R48-399148-N
2020/01/17 22:35:55 scanner R48-399150-N
2020/01/17 22:35:55 scanner R48-399151-N
2020/01/17 22:35:55 scanner R48-399152-N
2020/01/17 22:35:55 scanner R48-399153-N
2020/01/17 22:35:55 scanner R48-399154-N
2020/01/17 22:35:55 scanner R48-399155-N
2020/01/17 22:35:55 scanner R48-399161-N
2020/01/17 22:35:55 scanner R48-399162-N
2020/01/17 22:35:55 scanner R48-399170-N
2020/01/17 22:35:55 scanner R48-399171-N
2020/01/17 22:35:55 scanner R48-399172-N
2020/01/17 22:35:55 scanner R48-399173-N
2020/01/17 22:35:55 scanner R48-399174-N
2020/01/17 22:35:55 scanner R48-399175-N
2020/01/17 22:35:55 scanner R48-399900-N
2020/01/17 22:35:55 scanner R48-399901-N
2020/01/17 22:35:55 scanner R48-399902-N
2020/01/17 22:35:55 scanner R48-399903-N
2020/01/17 22:35:55 scanner R48-399910-N
2020/01/17 22:35:55 scanner R48-399911-N
2020/01/17 22:35:55 scanner R48-399912-N
2020/01/17 22:35:55 scanner R48-399913-N
2020/01/17 22:35:55 scanner R48-399915-N
2020/01/17 22:35:55 scanner R48-399916-N
2020/01/17 22:35:55 scanner R48-399917-N
2020/01/17 22:35:55 scanner R48-399920-N
2020/01/17 22:35:55 scanner R48-399921-N
2020/01/17 22:35:55 scanner R48-399922-N
2020/01/17 22:35:55 scanner R48-399923-N
2020/01/17 22:35:55 scanner R48-399924-N
2020/01/17 22:35:55 scanner R48-399925-N
2020/01/17 22:35:55 scanner R48-399930-N
2020/01/17 22:35:55 scanner R48-399931-N
2020/01/17 22:35:55 scanner R48-399932-N
2020/01/17 22:35:55 scanner R48-399933-N
2020/01/17 22:35:55 scanner R48-399934-N
2020/01/17 22:35:55 scanner R48-399935-N
2020/01/17 22:35:55 scanner R48-399940-N
2020/01/17 22:35:55 scanner R48-399941-N
2020/01/17 22:35:55 scanner R48-399942-N
2020/01/17 22:35:55 scanner R48-399943-N
2020/01/17 22:35:55 scanner R48-399944-N
2020/01/17 22:35:55 scanner R48-399945-N
2020/01/17 22:35:55 scanner R48-399946-N
2020/01/17 22:35:55 scanner R48-399947-N
2020/01/17 22:35:55 scanner R48-399948-N
2020/01/17 22:35:55 scanner R48-399949-N
2020/01/17 22:35:55 scanner R48-399564-N
2020/01/17 22:35:55 scanner R48-399515-N
2020/01/17 22:35:55 scanner R48-399582-N
2020/01/17 22:35:55 scanner R48-399554-N
2020/01/17 22:35:55 scanner R48-399531-N
2020/01/17 22:35:55 scanner R48-399514-N
2020/01/17 22:35:55 scanner R48-399556-N
2020/01/17 22:35:55 scanner R48-399574-N
2020/01/17 22:35:55 scanner R48-399560-N
2020/01/17 22:35:55 scanner R48-399525-N
2020/01/17 22:35:55 scanner R48-399513-N
2020/01/17 22:35:55 scanner R48-399558-N
2020/01/17 22:35:55 scanner R48-399504-N
2020/01/17 22:35:55 scanner R48-399580-N
2020/01/17 22:35:55 scanner R48-399589-N
2020/01/17 22:35:55 scanner R48-399551-N
2020/01/17 22:35:55 scanner R48-399505-N
2020/01/17 22:35:55 scanner R48-399583-N
2020/01/17 22:35:55 scanner R48-399503-N
2020/01/17 22:35:55 scanner R48-399510-N
2020/01/17 22:35:55 scanner R48-399523-N
2020/01/17 22:35:55 scanner R48-399512-N
2020/01/17 22:35:55 scanner R48-399557-N
2020/01/17 22:35:55 scanner R48-399528-N
2020/01/17 22:35:55 scanner R48-399527-N
2020/01/17 22:35:55 scanner R48-399520-N
2020/01/17 22:35:55 scanner R48-399586-N
2020/01/17 22:35:55 scanner R48-399532-N
2020/01/17 22:35:55 scanner R48-399591-N
2020/01/17 22:35:55 scanner R48-399571-N
2020/01/17 22:35:55 scanner R48-399562-N
2020/01/17 22:35:55 scanner R48-399588-N
2020/01/17 22:35:55 scanner R48-399566-N
2020/01/17 22:35:55 scanner R48-399521-N
2020/01/17 22:35:55 scanner R48-399501-N
2020/01/17 22:35:55 scanner R48-399543-N
2020/01/17 22:35:55 scanner R48-399546-N
2020/01/17 22:35:55 scanner R48-399526-N
2020/01/17 22:35:55 scanner R48-399565-N
2020/01/17 22:35:55 scanner R48-399585-N
2020/01/17 22:35:55 scanner R48-399570-N
2020/01/17 22:35:55 scanner R48-399561-N
2020/01/17 22:35:55 scanner R48-399587-N
2020/01/17 22:35:55 scanner R48-399573-N
2020/01/17 22:35:55 scanner R48-399575-N
2020/01/17 22:35:55 scanner R48-399553-N
2020/01/17 22:35:55 scanner R48-399555-N
2020/01/17 22:35:55 scanner R48-399545-N
2020/01/17 22:35:55 scanner R48-399544-N
2020/01/17 22:35:55 scanner R48-399502-N
2020/01/17 22:35:55 scanner R48-399522-N
2020/01/17 22:35:55 scanner R48-399550-N
2020/01/17 22:35:55 scanner R48-399500-N
2020/01/17 22:35:55 scanner R48-399509-N
2020/01/17 22:35:55 scanner R48-399540-N
2020/01/17 22:35:55 scanner R48-399547-N
2020/01/17 22:35:55 scanner R48-399563-N
2020/01/17 22:35:55 scanner R48-399584-N
2020/01/17 22:35:55 scanner R48-399552-N
2020/01/17 22:35:55 	Error	R48-398000-N	dial tcp: lookup R48-398000-N: no such host
2020/01/17 22:35:55 	Error	R48-398001-N	dial tcp: lookup R48-398001-N: no such host
2020/01/17 22:35:55 	Error	R48-398002-N	dial tcp: lookup R48-398002-N: no such host
2020/01/17 22:35:55 	Error	R48-398004-N	dial tcp: lookup R48-398004-N: no such host
2020/01/17 22:35:55 	Error	R48-398005-N	dial tcp: lookup R48-398005-N: no such host
2020/01/17 22:35:55 	Error	R48-398006-N	dial tcp: lookup R48-398006-N: no such host
2020/01/17 22:35:55 	Error	R48-398007-N	dial tcp: lookup R48-398007-N: no such host
2020/01/17 22:35:55 	Error	R48-398008-N	dial tcp: lookup R48-398008-N: no such host
2020/01/17 22:35:55 	Error	R48-398010-N	dial tcp: lookup R48-398010-N: no such host
2020/01/17 22:35:55 	Error	R48-398011-N	dial tcp: lookup R48-398011-N: no such host
2020/01/17 22:35:55 	Error	R48-398013-N	dial tcp: lookup R48-398013-N: no such host
2020/01/17 22:35:55 	Error	R48-398014-N	dial tcp: lookup R48-398014-N: no such host
2020/01/17 22:35:55 	Error	R48-398015-N	dial tcp: lookup R48-398015-N: no such host
2020/01/17 22:35:55 	Error	R48-398016-N	dial tcp: lookup R48-398016-N: no such host
2020/01/17 22:35:55 	Error	R48-398017-N	dial tcp: lookup R48-398017-N: no such host
2020/01/17 22:35:55 	Error	R48-398019-N	dial tcp: lookup R48-398019-N: no such host
2020/01/17 22:35:55 	Error	R48-398020-N	dial tcp: lookup R48-398020-N: no such host
2020/01/17 22:35:55 	Error	R48-398024-N	dial tcp: lookup R48-398024-N: no such host
2020/01/17 22:35:55 	Error	R48-398025-N	dial tcp: lookup R48-398025-N: no such host
2020/01/17 22:35:55 	Error	R48-398026-N	dial tcp: lookup R48-398026-N: no such host
2020/01/17 22:35:55 	Error	R48-398027-N	dial tcp: lookup R48-398027-N: no such host
2020/01/17 22:35:55 	Error	R48-398029-N	dial tcp: lookup R48-398029-N: no such host
2020/01/17 22:35:55 	Error	R48-398032-N	dial tcp: lookup R48-398032-N: no such host
2020/01/17 22:35:55 	Error	R48-398035-N	dial tcp: lookup R48-398035-N: no such host
2020/01/17 22:35:55 	Error	R48-398036-N	dial tcp: lookup R48-398036-N: no such host
2020/01/17 22:35:55 	Error	R48-398037-N	dial tcp: lookup R48-398037-N: no such host
2020/01/17 22:35:55 	Error	R48-398038-N	dial tcp: lookup R48-398038-N: no such host
2020/01/17 22:35:55 	Error	R48-398040-N	dial tcp: lookup R48-398040-N: no such host
2020/01/17 22:35:55 	Error	R48-398041-N	dial tcp: lookup R48-398041-N: no such host
2020/01/17 22:35:55 	Error	R48-398042-N	dial tcp: lookup R48-398042-N: no such host
2020/01/17 22:35:55 	Error	R48-398043-N	dial tcp: lookup R48-398043-N: no such host
2020/01/17 22:35:55 	Error	R48-398046-N	dial tcp: lookup R48-398046-N: no such host
2020/01/17 22:35:55 	Error	R48-398048-N	dial tcp: lookup R48-398048-N: no such host
2020/01/17 22:35:55 	Error	R48-398050-N	dial tcp: lookup R48-398050-N: no such host
2020/01/17 22:35:55 	Error	R48-398054-N	dial tcp: lookup R48-398054-N: no such host
2020/01/17 22:35:55 	Error	R48-398055-N	dial tcp: lookup R48-398055-N: no such host
2020/01/17 22:35:55 	Error	R48-398056-N	dial tcp: lookup R48-398056-N: no such host
2020/01/17 22:35:55 	Error	R48-398058-N	dial tcp: lookup R48-398058-N: no such host
2020/01/17 22:35:55 	Error	R48-398059-N	dial tcp: lookup R48-398059-N: no such host
2020/01/17 22:35:55 	Error	R48-398060-N	dial tcp: lookup R48-398060-N: no such host
2020/01/17 22:35:55 	Error	R48-398064-N	dial tcp: lookup R48-398064-N: no such host
2020/01/17 22:35:55 	Error	R48-398066-N	dial tcp: lookup R48-398066-N: no such host
2020/01/17 22:35:55 	Error	R48-398067-N	dial tcp: lookup R48-398067-N: no such host
2020/01/17 22:35:55 	Error	R48-398070-N	dial tcp: lookup R48-398070-N: no such host
2020/01/17 22:35:55 	Error	R48-398501-N	dial tcp: lookup R48-398501-N: no such host
2020/01/17 22:35:55 	Error	R48-398502-N	dial tcp: lookup R48-398502-N: no such host
2020/01/17 22:35:55 	Error	R48-398503-N	dial tcp: lookup R48-398503-N: no such host
2020/01/17 22:35:55 	Error	R48-398504-N	dial tcp: lookup R48-398504-N: no such host
2020/01/17 22:35:55 	Error	R48-398505-N	dial tcp: lookup R48-398505-N: no such host
2020/01/17 22:35:55 	Error	R48-398506-N	dial tcp: lookup R48-398506-N: no such host
2020/01/17 22:35:55 	Error	R48-398507-N	dial tcp: lookup R48-398507-N: no such host
2020/01/17 22:35:55 	Error	R48-398508-N	dial tcp: lookup R48-398508-N: no such host
2020/01/17 22:35:55 	Error	R48-398509-N	dial tcp: lookup R48-398509-N: no such host
2020/01/17 22:35:55 	Error	R48-398510-N	dial tcp: lookup R48-398510-N: no such host
2020/01/17 22:35:55 	Error	R48-398511-N	dial tcp: lookup R48-398511-N: no such host
2020/01/17 22:35:55 	Error	R48-398512-N	dial tcp: lookup R48-398512-N: no such host
2020/01/17 22:35:55 	Error	R48-398513-N	dial tcp: lookup R48-398513-N: no such host
2020/01/17 22:35:55 	Error	R48-398515-N	dial tcp: lookup R48-398515-N: no such host
2020/01/17 22:35:55 	Error	R48-398516-N	dial tcp: lookup R48-398516-N: no such host
2020/01/17 22:35:55 	Error	R48-398517-N	dial tcp: lookup R48-398517-N: no such host
2020/01/17 22:35:55 	Error	R48-398520-N	dial tcp: lookup R48-398520-N: no such host
2020/01/17 22:35:55 	Error	R48-398522-N	dial tcp: lookup R48-398522-N: no such host
2020/01/17 22:35:55 	Error	R48-398523-N	dial tcp: lookup R48-398523-N: no such host
2020/01/17 22:35:55 	Error	R48-398524-N	dial tcp: lookup R48-398524-N: no such host
2020/01/17 22:35:55 	Error	R48-398525-N	dial tcp: lookup R48-398525-N: no such host
2020/01/17 22:35:55 	Error	R48-398526-N	dial tcp: lookup R48-398526-N: no such host
2020/01/17 22:35:55 	Error	R48-398530-N	dial tcp: lookup R48-398530-N: no such host
2020/01/17 22:35:55 	Error	R48-398531-N	dial tcp: lookup R48-398531-N: no such host
2020/01/17 22:35:55 	Error	R48-398532-N	dial tcp: lookup R48-398532-N: no such host
2020/01/17 22:35:55 	Error	R48-398533-N	dial tcp: lookup R48-398533-N: no such host
2020/01/17 22:35:55 	Error	R48-398540-N	dial tcp: lookup R48-398540-N: no such host
2020/01/17 22:35:55 	Error	R48-398541-N	dial tcp: lookup R48-398541-N: no such host
2020/01/17 22:35:55 	Error	R48-398542-N	dial tcp: lookup R48-398542-N: no such host
2020/01/17 22:35:55 	Error	R48-398550-N	dial tcp: lookup R48-398550-N: no such host
2020/01/17 22:35:55 	Error	R48-398560-N	dial tcp: lookup R48-398560-N: no such host
2020/01/17 22:35:55 	Error	R48-398901-N	dial tcp: lookup R48-398901-N: no such host
2020/01/17 22:35:55 	Error	R48-398902-N	dial tcp: lookup R48-398902-N: no such host
2020/01/17 22:35:55 	Error	R48-398908-N	dial tcp: lookup R48-398908-N: no such host
2020/01/17 22:35:55 	Error	R48-398914-N	dial tcp: lookup R48-398914-N: no such host
2020/01/17 22:35:55 	Error	R48-398916-N	dial tcp: lookup R48-398916-N: no such host
2020/01/17 22:35:55 	Error	R48-399000-N	dial tcp: lookup R48-399000-N: no such host
2020/01/17 22:35:55 	Error	R48-399002-N	dial tcp: lookup R48-399002-N: no such host
2020/01/17 22:35:55 	Error	R48-399003-N	dial tcp: lookup R48-399003-N: no such host
2020/01/17 22:35:55 	Error	R48-399007-N	dial tcp: lookup R48-399007-N: no such host
2020/01/17 22:35:55 	Error	R48-399008-N	dial tcp: lookup R48-399008-N: no such host
2020/01/17 22:35:55 	Error	R48-399010-N	dial tcp: lookup R48-399010-N: no such host
2020/01/17 22:35:55 	Error	R48-399012-N	dial tcp: lookup R48-399012-N: no such host
2020/01/17 22:35:55 	Error	R48-399014-N	dial tcp: lookup R48-399014-N: no such host
2020/01/17 22:35:55 	Error	R48-399015-N	dial tcp: lookup R48-399015-N: no such host
2020/01/17 22:35:55 	Error	R48-399020-N	dial tcp: lookup R48-399020-N: no such host
2020/01/17 22:35:55 	Error	R48-399021-N	dial tcp: lookup R48-399021-N: no such host
2020/01/17 22:35:55 	Error	R48-399022-N	dial tcp: lookup R48-399022-N: no such host
2020/01/17 22:35:55 	Error	R48-399024-N	dial tcp: lookup R48-399024-N: no such host
2020/01/17 22:35:55 	Error	R48-399025-N	dial tcp: lookup R48-399025-N: no such host
2020/01/17 22:35:55 	Error	R48-399026-N	dial tcp: lookup R48-399026-N: no such host
2020/01/17 22:35:55 	Error	R48-399028-N	dial tcp: lookup R48-399028-N: no such host
2020/01/17 22:35:55 	Error	R48-399030-N	dial tcp: lookup R48-399030-N: no such host
2020/01/17 22:35:55 	Error	R48-399040-N	dial tcp: lookup R48-399040-N: no such host
2020/01/17 22:35:55 	Error	R48-399041-N	dial tcp: lookup R48-399041-N: no such host
2020/01/17 22:35:55 	Error	R48-399043-N	dial tcp: lookup R48-399043-N: no such host
2020/01/17 22:35:55 	Error	R48-399050-N	dial tcp: lookup R48-399050-N: no such host
2020/01/17 22:35:55 	Error	R48-399052-N	dial tcp: lookup R48-399052-N: no such host
2020/01/17 22:35:55 	Error	R48-399053-N	dial tcp: lookup R48-399053-N: no such host
2020/01/17 22:35:55 	Error	R48-399054-N	dial tcp: lookup R48-399054-N: no such host
2020/01/17 22:35:55 	Error	R48-399055-N	dial tcp: lookup R48-399055-N: no such host
2020/01/17 22:35:55 	Error	R48-399056-N	dial tcp: lookup R48-399056-N: no such host
2020/01/17 22:35:55 	Error	R48-399057-N	dial tcp: lookup R48-399057-N: no such host
2020/01/17 22:35:55 	Error	R48-399058-N	dial tcp: lookup R48-399058-N: no such host
2020/01/17 22:35:55 	Error	R48-399059-N	dial tcp: lookup R48-399059-N: no such host
2020/01/17 22:35:55 	Error	R48-399060-N	dial tcp: lookup R48-399060-N: no such host
2020/01/17 22:35:55 	Error	R48-399061-N	dial tcp: lookup R48-399061-N: no such host
2020/01/17 22:35:55 	Error	R48-399071-N	dial tcp: lookup R48-399071-N: no such host
2020/01/17 22:35:55 	Error	R48-399072-N	dial tcp: lookup R48-399072-N: no such host
2020/01/17 22:35:55 	Error	R48-399073-N	dial tcp: lookup R48-399073-N: no such host
2020/01/17 22:35:55 	Error	R48-399074-N	dial tcp: lookup R48-399074-N: no such host
2020/01/17 22:35:55 	Error	R48-399075-N	dial tcp: lookup R48-399075-N: no such host
2020/01/17 22:35:55 	Error	R48-399077-N	dial tcp: lookup R48-399077-N: no such host
2020/01/17 22:35:55 	Error	R48-399081-N	dial tcp: lookup R48-399081-N: no such host
2020/01/17 22:35:55 	Error	R48-399082-N	dial tcp: lookup R48-399082-N: no such host
2020/01/17 22:35:55 	Error	R48-399083-N	dial tcp: lookup R48-399083-N: no such host
2020/01/17 22:35:55 	Error	R48-399085-N	dial tcp: lookup R48-399085-N: no such host
2020/01/17 22:35:55 	Error	R48-399087-N	dial tcp: lookup R48-399087-N: no such host
2020/01/17 22:35:55 	Error	R48-399088-N	dial tcp: lookup R48-399088-N: no such host
2020/01/17 22:35:55 	Error	R48-399090-N	dial tcp: lookup R48-399090-N: no such host
2020/01/17 22:35:55 	Error	R48-399091-N	dial tcp: lookup R48-399091-N: no such host
2020/01/17 22:35:55 	Error	R48-399092-N	dial tcp: lookup R48-399092-N: no such host
2020/01/17 22:35:55 	Error	R48-399140-N	dial tcp: lookup R48-399140-N: no such host
2020/01/17 22:35:55 	Error	R48-399144-N	dial tcp: lookup R48-399144-N: no such host
2020/01/17 22:35:55 	Error	R48-399145-N	dial tcp: lookup R48-399145-N: no such host
2020/01/17 22:35:55 	Error	R48-399146-N	dial tcp: lookup R48-399146-N: no such host
2020/01/17 22:35:55 	Error	R48-399147-N	dial tcp: lookup R48-399147-N: no such host
2020/01/17 22:35:55 	Error	R48-399148-N	dial tcp: lookup R48-399148-N: no such host
2020/01/17 22:35:55 	Error	R48-399150-N	dial tcp: lookup R48-399150-N: no such host
2020/01/17 22:35:55 	Error	R48-399151-N	dial tcp: lookup R48-399151-N: no such host
2020/01/17 22:35:55 	Error	R48-399152-N	dial tcp: lookup R48-399152-N: no such host
2020/01/17 22:35:55 	Error	R48-399153-N	dial tcp: lookup R48-399153-N: no such host
2020/01/17 22:35:55 	Error	R48-399154-N	dial tcp: lookup R48-399154-N: no such host
2020/01/17 22:35:55 	Error	R48-399155-N	dial tcp: lookup R48-399155-N: no such host
2020/01/17 22:35:55 	Error	R48-399161-N	dial tcp: lookup R48-399161-N: no such host
2020/01/17 22:35:55 	Error	R48-399162-N	dial tcp: lookup R48-399162-N: no such host
2020/01/17 22:35:55 	Error	R48-399170-N	dial tcp: lookup R48-399170-N: no such host
2020/01/17 22:35:55 	Error	R48-399171-N	dial tcp: lookup R48-399171-N: no such host
2020/01/17 22:35:55 	Error	R48-399172-N	dial tcp: lookup R48-399172-N: no such host
2020/01/17 22:35:55 	Error	R48-399173-N	dial tcp: lookup R48-399173-N: no such host
2020/01/17 22:35:55 	Error	R48-399174-N	dial tcp: lookup R48-399174-N: no such host
2020/01/17 22:35:55 	Error	R48-399175-N	dial tcp: lookup R48-399175-N: no such host
2020/01/17 22:35:55 	Error	R48-399200-N	dial tcp: lookup R48-399200-N: no such host
2020/01/17 22:35:55 	Error	R48-399204-N	dial tcp: lookup R48-399204-N: no such host
2020/01/17 22:35:55 	Error	R48-399205-N	dial tcp: lookup R48-399205-N: no such host
2020/01/17 22:35:55 	Error	R48-399206-N	dial tcp: lookup R48-399206-N: no such host
2020/01/17 22:35:55 	Error	R48-399210-N	dial tcp: lookup R48-399210-N: no such host
2020/01/17 22:35:55 	Error	R48-399212-N	dial tcp: lookup R48-399212-N: no such host
2020/01/17 22:35:55 	Error	R48-399213-N	dial tcp: lookup R48-399213-N: no such host
2020/01/17 22:35:55 	Error	R48-399214-N	dial tcp: lookup R48-399214-N: no such host
2020/01/17 22:35:55 	Error	R48-399215-N	dial tcp: lookup R48-399215-N: no such host
2020/01/17 22:35:55 	Error	R48-399220-N	dial tcp: lookup R48-399220-N: no such host
2020/01/17 22:35:55 	Error	R48-399221-N	dial tcp: lookup R48-399221-N: no such host
2020/01/17 22:35:55 	Error	R48-399222-N	dial tcp: lookup R48-399222-N: no such host
2020/01/17 22:35:55 	Error	R48-399223-N	dial tcp: lookup R48-399223-N: no such host
2020/01/17 22:35:55 	Error	R48-399226-N	dial tcp: lookup R48-399226-N: no such host
2020/01/17 22:35:55 	Error	R48-399227-N	dial tcp: lookup R48-399227-N: no such host
2020/01/17 22:35:55 	Error	R48-399228-N	dial tcp: lookup R48-399228-N: no such host
2020/01/17 22:35:55 	Error	R48-399231-N	dial tcp: lookup R48-399231-N: no such host
2020/01/17 22:35:55 	Error	R48-399234-N	dial tcp: lookup R48-399234-N: no such host
2020/01/17 22:35:55 	Error	R48-399235-N	dial tcp: lookup R48-399235-N: no such host
2020/01/17 22:35:55 	Error	R48-399236-N	dial tcp: lookup R48-399236-N: no such host
2020/01/17 22:35:55 	Error	R48-399237-N	dial tcp: lookup R48-399237-N: no such host
2020/01/17 22:35:55 	Error	R48-399240-N	dial tcp: lookup R48-399240-N: no such host
2020/01/17 22:35:55 	Error	R48-399241-N	dial tcp: lookup R48-399241-N: no such host
2020/01/17 22:35:55 	Error	R48-399242-N	dial tcp: lookup R48-399242-N: no such host
2020/01/17 22:35:55 	Error	R48-399243-N	dial tcp: lookup R48-399243-N: no such host
2020/01/17 22:35:55 	Error	R48-399250-N	dial tcp: lookup R48-399250-N: no such host
2020/01/17 22:35:55 	Error	R48-399251-N	dial tcp: lookup R48-399251-N: no such host
2020/01/17 22:35:55 	Error	R48-399252-N	dial tcp: lookup R48-399252-N: no such host
2020/01/17 22:35:55 	Error	R48-399253-N	dial tcp: lookup R48-399253-N: no such host
2020/01/17 22:35:55 	Error	R48-399255-N	dial tcp: lookup R48-399255-N: no such host
2020/01/17 22:35:55 	Error	R48-399260-N	dial tcp: lookup R48-399260-N: no such host
2020/01/17 22:35:55 	Error	R48-399262-N	dial tcp: lookup R48-399262-N: no such host
2020/01/17 22:35:55 	Error	R48-399263-N	dial tcp: lookup R48-399263-N: no such host
2020/01/17 22:35:55 	Error	R48-399264-N	dial tcp: lookup R48-399264-N: no such host
2020/01/17 22:35:55 	Error	R48-399265-N	dial tcp: lookup R48-399265-N: no such host
2020/01/17 22:35:55 	Error	R48-399266-N	dial tcp: lookup R48-399266-N: no such host
2020/01/17 22:35:55 	Error	R48-399267-N	dial tcp: lookup R48-399267-N: no such host
2020/01/17 22:35:55 	Error	R48-399268-N	dial tcp: lookup R48-399268-N: no such host
2020/01/17 22:35:55 	Error	R48-399270-N	dial tcp: lookup R48-399270-N: no such host
2020/01/17 22:35:55 	Error	R48-399271-N	dial tcp: lookup R48-399271-N: no such host
2020/01/17 22:35:55 	Error	R48-399272-N	dial tcp: lookup R48-399272-N: no such host
2020/01/17 22:35:55 	Error	R48-399273-N	dial tcp: lookup R48-399273-N: no such host
2020/01/17 22:35:55 	Error	R48-399274-N	dial tcp: lookup R48-399274-N: no such host
2020/01/17 22:35:55 	Error	R48-399281-N	dial tcp: lookup R48-399281-N: no such host
2020/01/17 22:35:55 	Error	R48-399330-N	dial tcp: lookup R48-399330-N: no such host
2020/01/17 22:35:55 	Error	R48-399331-N	dial tcp: lookup R48-399331-N: no such host
2020/01/17 22:35:55 	Error	R48-399332-N	dial tcp: lookup R48-399332-N: no such host
2020/01/17 22:35:55 	Error	R48-399333-N	dial tcp: lookup R48-399333-N: no such host
2020/01/17 22:35:55 	Error	R48-399335-N	dial tcp: lookup R48-399335-N: no such host
2020/01/17 22:35:55 	Error	R48-399336-N	dial tcp: lookup R48-399336-N: no such host
2020/01/17 22:35:55 	Error	R48-399337-N	dial tcp: lookup R48-399337-N: no such host
2020/01/17 22:35:55 	Error	R48-399339-N	dial tcp: lookup R48-399339-N: no such host
2020/01/17 22:35:55 	Error	R48-399341-N	dial tcp: lookup R48-399341-N: no such host
2020/01/17 22:35:55 	Error	R48-399342-N	dial tcp: lookup R48-399342-N: no such host
2020/01/17 22:35:55 	Error	R48-399343-N	dial tcp: lookup R48-399343-N: no such host
2020/01/17 22:35:55 	Error	R48-399344-N	dial tcp: lookup R48-399344-N: no such host
2020/01/17 22:35:55 	Error	R48-399345-N	dial tcp: lookup R48-399345-N: no such host
2020/01/17 22:35:55 	Error	R48-399346-N	dial tcp: lookup R48-399346-N: no such host
2020/01/17 22:35:55 	Error	R48-399348-N	dial tcp: lookup R48-399348-N: no such host
2020/01/17 22:35:55 	Error	R48-399349-N	dial tcp: lookup R48-399349-N: no such host
2020/01/17 22:35:55 	Error	R48-399350-N	dial tcp: lookup R48-399350-N: no such host
2020/01/17 22:35:55 	Error	R48-399351-N	dial tcp: lookup R48-399351-N: no such host
2020/01/17 22:35:55 	Error	R48-399352-N	dial tcp: lookup R48-399352-N: no such host
2020/01/17 22:35:55 	Error	R48-399353-N	dial tcp: lookup R48-399353-N: no such host
2020/01/17 22:35:55 	Error	R48-399354-N	dial tcp: lookup R48-399354-N: no such host
2020/01/17 22:35:55 	Error	R48-399355-N	dial tcp: lookup R48-399355-N: no such host
2020/01/17 22:35:55 	Error	R48-399360-N	dial tcp: lookup R48-399360-N: no such host
2020/01/17 22:35:55 	Error	R48-399361-N	dial tcp: lookup R48-399361-N: no such host
2020/01/17 22:35:55 	Error	R48-399362-N	dial tcp: lookup R48-399362-N: no such host
2020/01/17 22:35:55 	Error	R48-399363-N	dial tcp: lookup R48-399363-N: no such host
2020/01/17 22:35:55 	Error	R48-399364-N	dial tcp: lookup R48-399364-N: no such host
2020/01/17 22:35:55 	Error	R48-399365-N	dial tcp: lookup R48-399365-N: no such host
2020/01/17 22:35:55 	Error	R48-399366-N	dial tcp: lookup R48-399366-N: no such host
2020/01/17 22:35:55 	Error	R48-399367-N	dial tcp: lookup R48-399367-N: no such host
2020/01/17 22:35:55 	Error	R48-399368-N	dial tcp: lookup R48-399368-N: no such host
2020/01/17 22:35:55 	Error	R48-399370-N	dial tcp: lookup R48-399370-N: no such host
2020/01/17 22:35:55 	Error	R48-399371-N	dial tcp: lookup R48-399371-N: no such host
2020/01/17 22:35:55 	Error	R48-399372-N	dial tcp: lookup R48-399372-N: no such host
2020/01/17 22:35:55 	Error	R48-399373-N	dial tcp: lookup R48-399373-N: no such host
2020/01/17 22:35:55 	Error	R48-399374-N	dial tcp: lookup R48-399374-N: no such host
2020/01/17 22:35:55 	Error	R48-399410-N	dial tcp: lookup R48-399410-N: no such host
2020/01/17 22:35:55 	Error	R48-399412-N	dial tcp: lookup R48-399412-N: no such host
2020/01/17 22:35:55 	Error	R48-399413-N	dial tcp: lookup R48-399413-N: no such host
2020/01/17 22:35:55 	Error	R48-399414-N	dial tcp: lookup R48-399414-N: no such host
2020/01/17 22:35:55 	Error	R48-399415-N	dial tcp: lookup R48-399415-N: no such host
2020/01/17 22:35:55 	Error	R48-399417-N	dial tcp: lookup R48-399417-N: no such host
2020/01/17 22:35:55 	Error	R48-399418-N	dial tcp: lookup R48-399418-N: no such host
2020/01/17 22:35:55 	Error	R48-399420-N	dial tcp: lookup R48-399420-N: no such host
2020/01/17 22:35:55 	Error	R48-399421-N	dial tcp: lookup R48-399421-N: no such host
2020/01/17 22:35:55 	Error	R48-399422-N	dial tcp: lookup R48-399422-N: no such host
2020/01/17 22:35:55 	Error	R48-399430-N	dial tcp: lookup R48-399430-N: no such host
2020/01/17 22:35:55 	Error	R48-399431-N	dial tcp: lookup R48-399431-N: no such host
2020/01/17 22:35:55 	Error	R48-399433-N	dial tcp: lookup R48-399433-N: no such host
2020/01/17 22:35:55 	Error	R48-399434-N	dial tcp: lookup R48-399434-N: no such host
2020/01/17 22:35:55 	Error	R48-399436-N	dial tcp: lookup R48-399436-N: no such host
2020/01/17 22:35:55 	Error	R48-399440-N	dial tcp: lookup R48-399440-N: no such host
2020/01/17 22:35:55 	Error	R48-399441-N	dial tcp: lookup R48-399441-N: no such host
2020/01/17 22:35:55 	Error	R48-399442-N	dial tcp: lookup R48-399442-N: no such host
2020/01/17 22:35:55 	Error	R48-399443-N	dial tcp: lookup R48-399443-N: no such host
2020/01/17 22:35:55 	Error	R48-399444-N	dial tcp: lookup R48-399444-N: no such host
2020/01/17 22:35:55 	Error	R48-399445-N	dial tcp: lookup R48-399445-N: no such host
2020/01/17 22:35:55 	Error	R48-399446-N	dial tcp: lookup R48-399446-N: no such host
2020/01/17 22:35:55 	Error	R48-399450-N	dial tcp: lookup R48-399450-N: no such host
2020/01/17 22:35:55 	Error	R48-399451-N	dial tcp: lookup R48-399451-N: no such host
2020/01/17 22:35:55 	Error	R48-399453-N	dial tcp: lookup R48-399453-N: no such host
2020/01/17 22:35:55 	Error	R48-399454-N	dial tcp: lookup R48-399454-N: no such host
2020/01/17 22:35:55 	Error	R48-399455-N	dial tcp: lookup R48-399455-N: no such host
2020/01/17 22:35:55 	Error	R48-399456-N	dial tcp: lookup R48-399456-N: no such host
2020/01/17 22:35:55 	Error	R48-399457-N	dial tcp: lookup R48-399457-N: no such host
2020/01/17 22:35:55 	Error	R48-399458-N	dial tcp: lookup R48-399458-N: no such host
2020/01/17 22:35:55 	Error	R48-399500-N	dial tcp: lookup R48-399500-N: no such host
2020/01/17 22:35:55 	Error	R48-399501-N	dial tcp: lookup R48-399501-N: no such host
2020/01/17 22:35:55 	Error	R48-399502-N	dial tcp: lookup R48-399502-N: no such host
2020/01/17 22:35:55 	Error	R48-399503-N	dial tcp: lookup R48-399503-N: no such host
2020/01/17 22:35:55 	Error	R48-399504-N	dial tcp: lookup R48-399504-N: no such host
2020/01/17 22:35:55 	Error	R48-399505-N	dial tcp: lookup R48-399505-N: no such host
2020/01/17 22:35:55 	Error	R48-399509-N	dial tcp: lookup R48-399509-N: no such host
2020/01/17 22:35:55 	Error	R48-399510-N	dial tcp: lookup R48-399510-N: no such host
2020/01/17 22:35:55 	Error	R48-399512-N	dial tcp: lookup R48-399512-N: no such host
2020/01/17 22:35:55 	Error	R48-399513-N	dial tcp: lookup R48-399513-N: no such host
2020/01/17 22:35:55 	Error	R48-399514-N	dial tcp: lookup R48-399514-N: no such host
2020/01/17 22:35:55 	Error	R48-399515-N	dial tcp: lookup R48-399515-N: no such host
2020/01/17 22:35:55 	Error	R48-399520-N	dial tcp: lookup R48-399520-N: no such host
2020/01/17 22:35:55 	Error	R48-399521-N	dial tcp: lookup R48-399521-N: no such host
2020/01/17 22:35:55 	Error	R48-399522-N	dial tcp: lookup R48-399522-N: no such host
2020/01/17 22:35:55 	Error	R48-399523-N	dial tcp: lookup R48-399523-N: no such host
2020/01/17 22:35:55 	Error	R48-399525-N	dial tcp: lookup R48-399525-N: no such host
2020/01/17 22:35:55 	Error	R48-399526-N	dial tcp: lookup R48-399526-N: no such host
2020/01/17 22:35:55 	Error	R48-399527-N	dial tcp: lookup R48-399527-N: no such host
2020/01/17 22:35:55 	Error	R48-399528-N	dial tcp: lookup R48-399528-N: no such host
2020/01/17 22:35:55 	Error	R48-399531-N	dial tcp: lookup R48-399531-N: no such host
2020/01/17 22:35:55 	Error	R48-399532-N	dial tcp: lookup R48-399532-N: no such host
2020/01/17 22:35:55 	Error	R48-399540-N	dial tcp: lookup R48-399540-N: no such host
2020/01/17 22:35:55 	Error	R48-399543-N	dial tcp: lookup R48-399543-N: no such host
2020/01/17 22:35:55 	Error	R48-399544-N	dial tcp: lookup R48-399544-N: no such host
2020/01/17 22:35:55 	Error	R48-399545-N	dial tcp: lookup R48-399545-N: no such host
2020/01/17 22:35:55 	Error	R48-399546-N	dial tcp: lookup R48-399546-N: no such host
2020/01/17 22:35:55 	Error	R48-399547-N	dial tcp: lookup R48-399547-N: no such host
2020/01/17 22:35:55 	Error	R48-399550-N	dial tcp: lookup R48-399550-N: no such host
2020/01/17 22:35:55 	Error	R48-399551-N	dial tcp: lookup R48-399551-N: no such host
2020/01/17 22:35:55 	Error	R48-399552-N	dial tcp: lookup R48-399552-N: no such host
2020/01/17 22:35:55 	Error	R48-399553-N	dial tcp: lookup R48-399553-N: no such host
2020/01/17 22:35:55 	Error	R48-399554-N	dial tcp: lookup R48-399554-N: no such host
2020/01/17 22:35:55 	Error	R48-399555-N	dial tcp: lookup R48-399555-N: no such host
2020/01/17 22:35:55 	Error	R48-399556-N	dial tcp: lookup R48-399556-N: no such host
2020/01/17 22:35:55 	Error	R48-399557-N	dial tcp: lookup R48-399557-N: no such host
2020/01/17 22:35:55 	Error	R48-399558-N	dial tcp: lookup R48-399558-N: no such host
2020/01/17 22:35:55 	Error	R48-399560-N	dial tcp: lookup R48-399560-N: no such host
2020/01/17 22:35:55 	Error	R48-399561-N	dial tcp: lookup R48-399561-N: no such host
2020/01/17 22:35:55 	Error	R48-399562-N	dial tcp: lookup R48-399562-N: no such host
2020/01/17 22:35:55 	Error	R48-399563-N	dial tcp: lookup R48-399563-N: no such host
2020/01/17 22:35:55 	Error	R48-399564-N	dial tcp: lookup R48-399564-N: no such host
2020/01/17 22:35:55 	Error	R48-399565-N	dial tcp: lookup R48-399565-N: no such host
2020/01/17 22:35:55 	Error	R48-399566-N	dial tcp: lookup R48-399566-N: no such host
2020/01/17 22:35:55 	Error	R48-399570-N	dial tcp: lookup R48-399570-N: no such host
2020/01/17 22:35:55 	Error	R48-399571-N	dial tcp: lookup R48-399571-N: no such host
2020/01/17 22:35:55 	Error	R48-399573-N	dial tcp: lookup R48-399573-N: no such host
2020/01/17 22:35:55 	Error	R48-399574-N	dial tcp: lookup R48-399574-N: no such host
2020/01/17 22:35:55 	Error	R48-399575-N	dial tcp: lookup R48-399575-N: no such host
2020/01/17 22:35:55 	Error	R48-399580-N	dial tcp: lookup R48-399580-N: no such host
2020/01/17 22:35:55 	Error	R48-399582-N	dial tcp: lookup R48-399582-N: no such host
2020/01/17 22:35:55 	Error	R48-399583-N	dial tcp: lookup R48-399583-N: no such host
2020/01/17 22:35:55 	Error	R48-399584-N	dial tcp: lookup R48-399584-N: no such host
2020/01/17 22:35:55 	Error	R48-399585-N	dial tcp: lookup R48-399585-N: no such host
2020/01/17 22:35:55 	Error	R48-399586-N	dial tcp: lookup R48-399586-N: no such host
2020/01/17 22:35:55 	Error	R48-399587-N	dial tcp: lookup R48-399587-N: no such host
2020/01/17 22:35:55 	Error	R48-399588-N	dial tcp: lookup R48-399588-N: no such host
2020/01/17 22:35:55 	Error	R48-399589-N	dial tcp: lookup R48-399589-N: no such host
2020/01/17 22:35:55 	Error	R48-399591-N	dial tcp: lookup R48-399591-N: no such host
2020/01/17 22:35:55 	Error	R48-399700-N	dial tcp: lookup R48-399700-N: no such host
2020/01/17 22:35:55 	Error	R48-399702-N	dial tcp: lookup R48-399702-N: no such host
2020/01/17 22:35:55 	Error	R48-399704-N	dial tcp: lookup R48-399704-N: no such host
2020/01/17 22:35:55 	Error	R48-399706-N	dial tcp: lookup R48-399706-N: no such host
2020/01/17 22:35:55 	Error	R48-399707-N	dial tcp: lookup R48-399707-N: no such host
2020/01/17 22:35:55 	Error	R48-399708-N	dial tcp: lookup R48-399708-N: no such host
2020/01/17 22:35:55 	Error	R48-399710-N	dial tcp: lookup R48-399710-N: no such host
2020/01/17 22:35:55 	Error	R48-399713-N	dial tcp: lookup R48-399713-N: no such host
2020/01/17 22:35:55 	Error	R48-399714-N	dial tcp: lookup R48-399714-N: no such host
2020/01/17 22:35:55 	Error	R48-399716-N	dial tcp: lookup R48-399716-N: no such host
2020/01/17 22:35:55 	Error	R48-399720-N	dial tcp: lookup R48-399720-N: no such host
2020/01/17 22:35:55 	Error	R48-399721-N	dial tcp: lookup R48-399721-N: no such host
2020/01/17 22:35:55 	Error	R48-399722-N	dial tcp: lookup R48-399722-N: no such host
2020/01/17 22:35:55 	Error	R48-399723-N	dial tcp: lookup R48-399723-N: no such host
2020/01/17 22:35:55 	Error	R48-399724-N	dial tcp: lookup R48-399724-N: no such host
2020/01/17 22:35:55 	Error	R48-399725-N	dial tcp: lookup R48-399725-N: no such host
2020/01/17 22:35:55 	Error	R48-399726-N	dial tcp: lookup R48-399726-N: no such host
2020/01/17 22:35:55 	Error	R48-399730-N	dial tcp: lookup R48-399730-N: no such host
2020/01/17 22:35:55 	Error	R48-399732-N	dial tcp: lookup R48-399732-N: no such host
2020/01/17 22:35:55 	Error	R48-399733-N	dial tcp: lookup R48-399733-N: no such host
2020/01/17 22:35:55 	Error	R48-399735-N	dial tcp: lookup R48-399735-N: no such host
2020/01/17 22:35:55 	Error	R48-399741-N	dial tcp: lookup R48-399741-N: no such host
2020/01/17 22:35:55 	Error	R48-399742-N	dial tcp: lookup R48-399742-N: no such host
2020/01/17 22:35:55 	Error	R48-399743-N	dial tcp: lookup R48-399743-N: no such host
2020/01/17 22:35:55 	Error	R48-399744-N	dial tcp: lookup R48-399744-N: no such host
2020/01/17 22:35:55 	Error	R48-399745-N	dial tcp: lookup R48-399745-N: no such host
2020/01/17 22:35:55 	Error	R48-399746-N	dial tcp: lookup R48-399746-N: no such host
2020/01/17 22:35:55 	Error	R48-399747-N	dial tcp: lookup R48-399747-N: no such host
2020/01/17 22:35:55 	Error	R48-399748-N	dial tcp: lookup R48-399748-N: no such host
2020/01/17 22:35:55 	Error	R48-399749-N	dial tcp: lookup R48-399749-N: no such host
2020/01/17 22:35:55 	Error	R48-399750-N	dial tcp: lookup R48-399750-N: no such host
2020/01/17 22:35:55 	Error	R48-399752-N	dial tcp: lookup R48-399752-N: no such host
2020/01/17 22:35:55 	Error	R48-399753-N	dial tcp: lookup R48-399753-N: no such host
2020/01/17 22:35:55 	Error	R48-399754-N	dial tcp: lookup R48-399754-N: no such host
2020/01/17 22:35:55 	Error	R48-399755-N	dial tcp: lookup R48-399755-N: no such host
2020/01/17 22:35:55 	Error	R48-399759-N	dial tcp: lookup R48-399759-N: no such host
2020/01/17 22:35:55 	Error	R48-399760-N	dial tcp: lookup R48-399760-N: no such host
2020/01/17 22:35:55 	Error	R48-399761-N	dial tcp: lookup R48-399761-N: no such host
2020/01/17 22:35:55 	Error	R48-399762-N	dial tcp: lookup R48-399762-N: no such host
2020/01/17 22:35:55 	Error	R48-399764-N	dial tcp: lookup R48-399764-N: no such host
2020/01/17 22:35:55 	Error	R48-399768-N	dial tcp: lookup R48-399768-N: no such host
2020/01/17 22:35:55 	Error	R48-399770-N	dial tcp: lookup R48-399770-N: no such host
2020/01/17 22:35:55 	Error	R48-399771-N	dial tcp: lookup R48-399771-N: no such host
2020/01/17 22:35:55 	Error	R48-399772-N	dial tcp: lookup R48-399772-N: no such host
2020/01/17 22:35:55 	Error	R48-399773-N	dial tcp: lookup R48-399773-N: no such host
2020/01/17 22:35:55 	Error	R48-399774-N	dial tcp: lookup R48-399774-N: no such host
2020/01/17 22:35:55 	Error	R48-399775-N	dial tcp: lookup R48-399775-N: no such host
2020/01/17 22:35:55 	Error	R48-399776-N	dial tcp: lookup R48-399776-N: no such host
2020/01/17 22:35:55 	Error	R48-399777-N	dial tcp: lookup R48-399777-N: no such host
2020/01/17 22:35:55 	Error	R48-399778-N	dial tcp: lookup R48-399778-N: no such host
2020/01/17 22:35:55 	Error	R48-399780-N	dial tcp: lookup R48-399780-N: no such host
2020/01/17 22:35:55 	Error	R48-399782-N	dial tcp: lookup R48-399782-N: no such host
2020/01/17 22:35:55 	Error	R48-399783-N	dial tcp: lookup R48-399783-N: no such host
2020/01/17 22:35:55 	Error	R48-399784-N	dial tcp: lookup R48-399784-N: no such host
2020/01/17 22:35:55 	Error	R48-399785-N	dial tcp: lookup R48-399785-N: no such host
2020/01/17 22:35:55 	Error	R48-399787-N	dial tcp: lookup R48-399787-N: no such host
2020/01/17 22:35:55 	Error	R48-399788-N	dial tcp: lookup R48-399788-N: no such host
2020/01/17 22:35:55 	Error	R48-399800-N	dial tcp: lookup R48-399800-N: no such host
2020/01/17 22:35:55 	Error	R48-399801-N	dial tcp: lookup R48-399801-N: no such host
2020/01/17 22:35:55 	Error	R48-399811-N	dial tcp: lookup R48-399811-N: no such host
2020/01/17 22:35:55 	Error	R48-399812-N	dial tcp: lookup R48-399812-N: no such host
2020/01/17 22:35:55 	Error	R48-399813-N	dial tcp: lookup R48-399813-N: no such host
2020/01/17 22:35:55 	Error	R48-399814-N	dial tcp: lookup R48-399814-N: no such host
2020/01/17 22:35:55 	Error	R48-399817-N	dial tcp: lookup R48-399817-N: no such host
2020/01/17 22:35:55 	Error	R48-399821-N	dial tcp: lookup R48-399821-N: no such host
2020/01/17 22:35:55 	Error	R48-399822-N	dial tcp: lookup R48-399822-N: no such host
2020/01/17 22:35:55 	Error	R48-399823-N	dial tcp: lookup R48-399823-N: no such host
2020/01/17 22:35:55 	Error	R48-399824-N	dial tcp: lookup R48-399824-N: no such host
2020/01/17 22:35:55 	Error	R48-399825-N	dial tcp: lookup R48-399825-N: no such host
2020/01/17 22:35:55 	Error	R48-399830-N	dial tcp: lookup R48-399830-N: no such host
2020/01/17 22:35:55 	Error	R48-399831-N	dial tcp: lookup R48-399831-N: no such host
2020/01/17 22:35:55 	Error	R48-399832-N	dial tcp: lookup R48-399832-N: no such host
2020/01/17 22:35:55 	Error	R48-399833-N	dial tcp: lookup R48-399833-N: no such host
2020/01/17 22:35:55 	Error	R48-399836-N	dial tcp: lookup R48-399836-N: no such host
2020/01/17 22:35:55 	Error	R48-399837-N	dial tcp: lookup R48-399837-N: no such host
2020/01/17 22:35:55 	Error	R48-399838-N	dial tcp: lookup R48-399838-N: no such host
2020/01/17 22:35:55 	Error	R48-399839-N	dial tcp: lookup R48-399839-N: no such host
2020/01/17 22:35:55 	Error	R48-399840-N	dial tcp: lookup R48-399840-N: no such host
2020/01/17 22:35:55 	Error	R48-399841-N	dial tcp: lookup R48-399841-N: no such host
2020/01/17 22:35:55 	Error	R48-399843-N	dial tcp: lookup R48-399843-N: no such host
2020/01/17 22:35:55 	Error	R48-399844-N	dial tcp: lookup R48-399844-N: no such host
2020/01/17 22:35:55 	Error	R48-399845-N	dial tcp: lookup R48-399845-N: no such host
2020/01/17 22:35:55 	Error	R48-399850-N	dial tcp: lookup R48-399850-N: no such host
2020/01/17 22:35:55 	Error	R48-399851-N	dial tcp: lookup R48-399851-N: no such host
2020/01/17 22:35:55 	Error	R48-399852-N	dial tcp: lookup R48-399852-N: no such host
2020/01/17 22:35:55 	Error	R48-399853-N	dial tcp: lookup R48-399853-N: no such host
2020/01/17 22:35:55 	Error	R48-399854-N	dial tcp: lookup R48-399854-N: no such host
2020/01/17 22:35:55 	Error	R48-399870-N	dial tcp: lookup R48-399870-N: no such host
2020/01/17 22:35:55 	Error	R48-399873-N	dial tcp: lookup R48-399873-N: no such host
2020/01/17 22:35:55 	Error	R48-399874-N	dial tcp: lookup R48-399874-N: no such host
2020/01/17 22:35:55 	Error	R48-399875-N	dial tcp: lookup R48-399875-N: no such host
2020/01/17 22:35:55 	Error	R48-399876-N	dial tcp: lookup R48-399876-N: no such host
2020/01/17 22:35:55 	Error	R48-399877-N	dial tcp: lookup R48-399877-N: no such host
2020/01/17 22:35:55 	Error	R48-399878-N	dial tcp: lookup R48-399878-N: no such host
2020/01/17 22:35:55 	Error	R48-399879-N	dial tcp: lookup R48-399879-N: no such host
2020/01/17 22:35:55 	Error	R48-399880-N	dial tcp: lookup R48-399880-N: no such host
2020/01/17 22:35:55 	Error	R48-399881-N	dial tcp: lookup R48-399881-N: no such host
2020/01/17 22:35:55 	Error	R48-399882-N	dial tcp: lookup R48-399882-N: no such host
2020/01/17 22:35:55 	Error	R48-399883-N	dial tcp: lookup R48-399883-N: no such host
2020/01/17 22:35:55 	Error	R48-399884-N	dial tcp: lookup R48-399884-N: no such host
2020/01/17 22:35:55 	Error	R48-399886-N	dial tcp: lookup R48-399886-N: no such host
2020/01/17 22:35:55 	Error	R48-399887-N	dial tcp: lookup R48-399887-N: no such host
2020/01/17 22:35:55 	Error	R48-399888-N	dial tcp: lookup R48-399888-N: no such host
2020/01/17 22:35:55 	Error	R48-399891-N	dial tcp: lookup R48-399891-N: no such host
2020/01/17 22:35:55 	Error	R48-399892-N	dial tcp: lookup R48-399892-N: no such host
2020/01/17 22:35:55 	Error	R48-399893-N	dial tcp: lookup R48-399893-N: no such host
2020/01/17 22:35:55 	Error	R48-399900-N	dial tcp: lookup R48-399900-N: no such host
2020/01/17 22:35:55 	Error	R48-399901-N	dial tcp: lookup R48-399901-N: no such host
2020/01/17 22:35:55 	Error	R48-399902-N	dial tcp: lookup R48-399902-N: no such host
2020/01/17 22:35:55 	Error	R48-399903-N	dial tcp: lookup R48-399903-N: no such host
2020/01/17 22:35:55 	Error	R48-399910-N	dial tcp: lookup R48-399910-N: no such host
2020/01/17 22:35:55 	Error	R48-399911-N	dial tcp: lookup R48-399911-N: no such host
2020/01/17 22:35:55 	Error	R48-399912-N	dial tcp: lookup R48-399912-N: no such host
2020/01/17 22:35:55 	Error	R48-399913-N	dial tcp: lookup R48-399913-N: no such host
2020/01/17 22:35:55 	Error	R48-399915-N	dial tcp: lookup R48-399915-N: no such host
2020/01/17 22:35:55 	Error	R48-399916-N	dial tcp: lookup R48-399916-N: no such host
2020/01/17 22:35:55 	Error	R48-399917-N	dial tcp: lookup R48-399917-N: no such host
2020/01/17 22:35:55 	Error	R48-399920-N	dial tcp: lookup R48-399920-N: no such host
2020/01/17 22:35:55 	Error	R48-399921-N	dial tcp: lookup R48-399921-N: no such host
2020/01/17 22:35:55 	Error	R48-399922-N	dial tcp: lookup R48-399922-N: no such host
2020/01/17 22:35:55 	Error	R48-399923-N	dial tcp: lookup R48-399923-N: no such host
2020/01/17 22:35:55 	Error	R48-399924-N	dial tcp: lookup R48-399924-N: no such host
2020/01/17 22:35:55 	Error	R48-399925-N	dial tcp: lookup R48-399925-N: no such host
2020/01/17 22:35:55 	Error	R48-399930-N	dial tcp: lookup R48-399930-N: no such host
2020/01/17 22:35:55 	Error	R48-399931-N	dial tcp: lookup R48-399931-N: no such host
2020/01/17 22:35:55 	Error	R48-399932-N	dial tcp: lookup R48-399932-N: no such host
2020/01/17 22:35:55 	Error	R48-399933-N	dial tcp: lookup R48-399933-N: no such host
2020/01/17 22:35:55 	Error	R48-399934-N	dial tcp: lookup R48-399934-N: no such host
2020/01/17 22:35:55 	Error	R48-399935-N	dial tcp: lookup R48-399935-N: no such host
2020/01/17 22:35:55 	Error	R48-399940-N	dial tcp: lookup R48-399940-N: no such host
2020/01/17 22:35:55 	Error	R48-399941-N	dial tcp: lookup R48-399941-N: no such host
2020/01/17 22:35:55 	Error	R48-399942-N	dial tcp: lookup R48-399942-N: no such host
2020/01/17 22:35:55 	Error	R48-399943-N	dial tcp: lookup R48-399943-N: no such host
2020/01/17 22:35:55 	Error	R48-399944-N	dial tcp: lookup R48-399944-N: no such host
2020/01/17 22:35:55 	Error	R48-399945-N	dial tcp: lookup R48-399945-N: no such host
2020/01/17 22:35:55 	Error	R48-399946-N	dial tcp: lookup R48-399946-N: no such host
2020/01/17 22:35:55 	Error	R48-399947-N	dial tcp: lookup R48-399947-N: no such host
2020/01/17 22:35:55 	Error	R48-399948-N	dial tcp: lookup R48-399948-N: no such host
2020/01/17 22:35:55 	Error	R48-399949-N	dial tcp: lookup R48-399949-N: no such host
2020/01/17 22:35:55 СТОП. Время выполнения 366.565019ms сек.
2020/01/17 22:36:14 СТАРТ 2020-01-17 22:36:14.826735842 +0300 MSK m=+0.012207760 
2020/01/17 22:36:14 func check_nsi
2020/01/17 22:36:14 scanner R48-398508-N
2020/01/17 22:36:14 scanner R48-398510-N
2020/01/17 22:36:14 scanner R48-398517-N
2020/01/17 22:36:14 scanner R48-398511-N
2020/01/17 22:36:14 scanner R48-398524-N
2020/01/17 22:36:14 scanner R48-398505-N
2020/01/17 22:36:14 scanner R48-398523-N
2020/01/17 22:36:14 scanner R48-398916-N
2020/01/17 22:36:14 scanner R48-398542-N
2020/01/17 22:36:14 scanner R48-398507-N
2020/01/17 22:36:14 scanner R48-398901-N
2020/01/17 22:36:14 scanner R48-398501-N
2020/01/17 22:36:14 scanner R48-398516-N
2020/01/17 22:36:14 scanner R48-398526-N
2020/01/17 22:36:14 scanner R48-398515-N
2020/01/17 22:36:14 scanner R48-398525-N
2020/01/17 22:36:14 scanner R48-398531-N
2020/01/17 22:36:14 scanner R48-398000-N
2020/01/17 22:36:14 scanner R48-398001-N
2020/01/17 22:36:14 scanner R48-398010-N
2020/01/17 22:36:14 scanner R48-398011-N
2020/01/17 22:36:14 scanner R48-398013-N
2020/01/17 22:36:14 scanner R48-398014-N
2020/01/17 22:36:14 scanner R48-398015-N
2020/01/17 22:36:14 scanner R48-398016-N
2020/01/17 22:36:14 scanner R48-398017-N
2020/01/17 22:36:14 scanner R48-398019-N
2020/01/17 22:36:14 scanner R48-398002-N
2020/01/17 22:36:14 scanner R48-398020-N
2020/01/17 22:36:14 scanner R48-398024-N
2020/01/17 22:36:14 scanner R48-398025-N
2020/01/17 22:36:14 scanner R48-398026-N
2020/01/17 22:36:14 scanner R48-398027-N
2020/01/17 22:36:14 scanner R48-398029-N
2020/01/17 22:36:14 scanner R48-398032-N
2020/01/17 22:36:14 scanner R48-398035-N
2020/01/17 22:36:14 scanner R48-398036-N
2020/01/17 22:36:14 scanner R48-398037-N
2020/01/17 22:36:14 scanner R48-398038-N
2020/01/17 22:36:14 scanner R48-398004-N
2020/01/17 22:36:14 scanner R48-398040-N
2020/01/17 22:36:14 scanner R48-398041-N
2020/01/17 22:36:14 scanner R48-398042-N
2020/01/17 22:36:14 scanner R48-398043-N
2020/01/17 22:36:14 scanner R48-398046-N
2020/01/17 22:36:14 scanner R48-398048-N
2020/01/17 22:36:14 scanner R48-398005-N
2020/01/17 22:36:14 scanner R48-398050-N
2020/01/17 22:36:14 scanner R48-398054-N
2020/01/17 22:36:14 scanner R48-398055-N
2020/01/17 22:36:14 scanner R48-398056-N
2020/01/17 22:36:14 scanner R48-398058-N
2020/01/17 22:36:14 scanner R48-398059-N
2020/01/17 22:36:14 scanner R48-398006-N
2020/01/17 22:36:14 scanner R48-398060-N
2020/01/17 22:36:14 scanner R48-398064-N
2020/01/17 22:36:14 scanner R48-398066-N
2020/01/17 22:36:14 scanner R48-398067-N
2020/01/17 22:36:14 scanner R48-398007-N
2020/01/17 22:36:14 scanner R48-398070-N
2020/01/17 22:36:14 scanner R48-398008-N
2020/01/17 22:36:14 scanner R48-398908-N
2020/01/17 22:36:14 scanner R48-398522-N
2020/01/17 22:36:14 scanner R48-398503-N
2020/01/17 22:36:14 scanner R48-398550-N
2020/01/17 22:36:14 scanner R48-398532-N
2020/01/17 22:36:14 scanner R48-398541-N
2020/01/17 22:36:14 scanner R48-398540-N
2020/01/17 22:36:14 scanner R48-398509-N
2020/01/17 22:36:14 scanner R48-398914-N
2020/01/17 22:36:14 scanner R48-398520-N
2020/01/17 22:36:14 scanner R48-398502-N
2020/01/17 22:36:14 scanner R48-398504-N
2020/01/17 22:36:14 scanner R48-398902-N
2020/01/17 22:36:14 scanner R48-398533-N
2020/01/17 22:36:14 scanner R48-398560-N
2020/01/17 22:36:14 scanner R48-398512-N
2020/01/17 22:36:14 scanner R48-398530-N
2020/01/17 22:36:14 scanner R48-398506-N
2020/01/17 22:36:14 scanner R48-398513-N
2020/01/17 22:36:14 scanner R48-399000-N
2020/01/17 22:36:14 scanner R48-399002-N
2020/01/17 22:36:14 scanner R48-399003-N
2020/01/17 22:36:14 scanner R48-399007-N
2020/01/17 22:36:14 scanner R48-399008-N
2020/01/17 22:36:14 scanner R48-399010-N
2020/01/17 22:36:14 scanner R48-399012-N
2020/01/17 22:36:14 scanner R48-399014-N
2020/01/17 22:36:14 scanner R48-399015-N
2020/01/17 22:36:14 scanner R48-399020-N
2020/01/17 22:36:14 scanner R48-399021-N
2020/01/17 22:36:14 scanner R48-399022-N
2020/01/17 22:36:14 scanner R48-399024-N
2020/01/17 22:36:14 scanner R48-399025-N
2020/01/17 22:36:14 scanner R48-399026-N
2020/01/17 22:36:14 scanner R48-399028-N
2020/01/17 22:36:14 scanner R48-399030-N
2020/01/17 22:36:14 scanner R48-399040-N
2020/01/17 22:36:14 scanner R48-399041-N
2020/01/17 22:36:14 scanner R48-399043-N
2020/01/17 22:36:14 scanner R48-399050-N
2020/01/17 22:36:14 scanner R48-399052-N
2020/01/17 22:36:14 scanner R48-399053-N
2020/01/17 22:36:14 scanner R48-399054-N
2020/01/17 22:36:14 scanner R48-399055-N
2020/01/17 22:36:14 scanner R48-399056-N
2020/01/17 22:36:14 scanner R48-399057-N
2020/01/17 22:36:14 scanner R48-399058-N
2020/01/17 22:36:14 scanner R48-399059-N
2020/01/17 22:36:14 scanner R48-399060-N
2020/01/17 22:36:14 scanner R48-399061-N
2020/01/17 22:36:14 scanner R48-399071-N
2020/01/17 22:36:14 scanner R48-399072-N
2020/01/17 22:36:14 scanner R48-399073-N
2020/01/17 22:36:14 scanner R48-399074-N
2020/01/17 22:36:14 scanner R48-399075-N
2020/01/17 22:36:14 scanner R48-399077-N
2020/01/17 22:36:14 scanner R48-399081-N
2020/01/17 22:36:14 scanner R48-399082-N
2020/01/17 22:36:14 scanner R48-399083-N
2020/01/17 22:36:14 scanner R48-399085-N
2020/01/17 22:36:14 scanner R48-399087-N
2020/01/17 22:36:14 scanner R48-399088-N
2020/01/17 22:36:14 scanner R48-399090-N
2020/01/17 22:36:14 scanner R48-399091-N
2020/01/17 22:36:14 scanner R48-399092-N
2020/01/17 22:36:14 scanner R48-399200-N
2020/01/17 22:36:14 scanner R48-399204-N
2020/01/17 22:36:14 scanner R48-399205-N
2020/01/17 22:36:14 scanner R48-399206-N
2020/01/17 22:36:14 scanner R48-399210-N
2020/01/17 22:36:14 scanner R48-399212-N
2020/01/17 22:36:14 scanner R48-399213-N
2020/01/17 22:36:14 scanner R48-399214-N
2020/01/17 22:36:14 scanner R48-399215-N
2020/01/17 22:36:14 scanner R48-399220-N
2020/01/17 22:36:14 scanner R48-399221-N
2020/01/17 22:36:14 scanner R48-399222-N
2020/01/17 22:36:14 scanner R48-399223-N
2020/01/17 22:36:14 scanner R48-399226-N
2020/01/17 22:36:14 scanner R48-399227-N
2020/01/17 22:36:14 scanner R48-399228-N
2020/01/17 22:36:14 scanner R48-399231-N
2020/01/17 22:36:14 scanner R48-399234-N
2020/01/17 22:36:14 scanner R48-399235-N
2020/01/17 22:36:14 scanner R48-399236-N
2020/01/17 22:36:14 scanner R48-399237-N
2020/01/17 22:36:14 scanner R48-399240-N
2020/01/17 22:36:14 scanner R48-399241-N
2020/01/17 22:36:14 scanner R48-399242-N
2020/01/17 22:36:14 scanner R48-399243-N
2020/01/17 22:36:14 scanner R48-399250-N
2020/01/17 22:36:14 scanner R48-399251-N
2020/01/17 22:36:14 scanner R48-399252-N
2020/01/17 22:36:14 scanner R48-399253-N
2020/01/17 22:36:14 scanner R48-399255-N
2020/01/17 22:36:14 scanner R48-399260-N
2020/01/17 22:36:14 scanner R48-399262-N
2020/01/17 22:36:14 scanner R48-399263-N
2020/01/17 22:36:14 scanner R48-399264-N
2020/01/17 22:36:14 scanner R48-399265-N
2020/01/17 22:36:14 scanner R48-399266-N
2020/01/17 22:36:14 scanner R48-399267-N
2020/01/17 22:36:14 scanner R48-399268-N
2020/01/17 22:36:14 scanner R48-399270-N
2020/01/17 22:36:14 scanner R48-399271-N
2020/01/17 22:36:14 scanner R48-399272-N
2020/01/17 22:36:14 scanner R48-399273-N
2020/01/17 22:36:14 scanner R48-399274-N
2020/01/17 22:36:14 scanner R48-399281-N
2020/01/17 22:36:14 scanner R48-399330-N
2020/01/17 22:36:14 scanner R48-399331-N
2020/01/17 22:36:14 scanner R48-399332-N
2020/01/17 22:36:14 scanner R48-399333-N
2020/01/17 22:36:14 scanner R48-399335-N
2020/01/17 22:36:14 scanner R48-399336-N
2020/01/17 22:36:14 scanner R48-399337-N
2020/01/17 22:36:14 scanner R48-399339-N
2020/01/17 22:36:14 scanner R48-399341-N
2020/01/17 22:36:14 scanner R48-399342-N
2020/01/17 22:36:14 scanner R48-399343-N
2020/01/17 22:36:14 scanner R48-399344-N
2020/01/17 22:36:14 scanner R48-399345-N
2020/01/17 22:36:14 scanner R48-399346-N
2020/01/17 22:36:14 scanner R48-399348-N
2020/01/17 22:36:14 scanner R48-399349-N
2020/01/17 22:36:14 scanner R48-399350-N
2020/01/17 22:36:14 scanner R48-399351-N
2020/01/17 22:36:14 scanner R48-399352-N
2020/01/17 22:36:14 scanner R48-399353-N
2020/01/17 22:36:14 scanner R48-399354-N
2020/01/17 22:36:14 scanner R48-399355-N
2020/01/17 22:36:14 scanner R48-399360-N
2020/01/17 22:36:14 scanner R48-399361-N
2020/01/17 22:36:14 scanner R48-399362-N
2020/01/17 22:36:14 scanner R48-399363-N
2020/01/17 22:36:14 scanner R48-399364-N
2020/01/17 22:36:14 scanner R48-399365-N
2020/01/17 22:36:14 scanner R48-399366-N
2020/01/17 22:36:14 scanner R48-399367-N
2020/01/17 22:36:14 scanner R48-399368-N
2020/01/17 22:36:14 scanner R48-399370-N
2020/01/17 22:36:14 scanner R48-399371-N
2020/01/17 22:36:14 scanner R48-399372-N
2020/01/17 22:36:14 scanner R48-399373-N
2020/01/17 22:36:14 scanner R48-399374-N
2020/01/17 22:36:14 scanner R48-399410-N
2020/01/17 22:36:14 scanner R48-399412-N
2020/01/17 22:36:14 scanner R48-399413-N
2020/01/17 22:36:14 scanner R48-399414-N
2020/01/17 22:36:14 scanner R48-399415-N
2020/01/17 22:36:14 scanner R48-399417-N
2020/01/17 22:36:14 scanner R48-399418-N
2020/01/17 22:36:14 scanner R48-399420-N
2020/01/17 22:36:14 scanner R48-399421-N
2020/01/17 22:36:14 scanner R48-399422-N
2020/01/17 22:36:14 scanner R48-399430-N
2020/01/17 22:36:14 scanner R48-399431-N
2020/01/17 22:36:14 scanner R48-399433-N
2020/01/17 22:36:14 scanner R48-399434-N
2020/01/17 22:36:14 scanner R48-399436-N
2020/01/17 22:36:14 scanner R48-399440-N
2020/01/17 22:36:14 scanner R48-399441-N
2020/01/17 22:36:14 scanner R48-399442-N
2020/01/17 22:36:14 scanner R48-399443-N
2020/01/17 22:36:14 scanner R48-399444-N
2020/01/17 22:36:14 scanner R48-399445-N
2020/01/17 22:36:14 scanner R48-399446-N
2020/01/17 22:36:14 scanner R48-399450-N
2020/01/17 22:36:14 scanner R48-399451-N
2020/01/17 22:36:14 scanner R48-399453-N
2020/01/17 22:36:14 scanner R48-399454-N
2020/01/17 22:36:14 scanner R48-399455-N
2020/01/17 22:36:14 scanner R48-399456-N
2020/01/17 22:36:14 scanner R48-399457-N
2020/01/17 22:36:14 scanner R48-399458-N
2020/01/17 22:36:14 scanner R48-399700-N
2020/01/17 22:36:14 scanner R48-399702-N
2020/01/17 22:36:14 scanner R48-399704-N
2020/01/17 22:36:14 scanner R48-399706-N
2020/01/17 22:36:14 scanner R48-399707-N
2020/01/17 22:36:14 scanner R48-399708-N
2020/01/17 22:36:14 scanner R48-399710-N
2020/01/17 22:36:14 scanner R48-399713-N
2020/01/17 22:36:14 scanner R48-399714-N
2020/01/17 22:36:14 scanner R48-399716-N
2020/01/17 22:36:14 scanner R48-399720-N
2020/01/17 22:36:14 scanner R48-399721-N
2020/01/17 22:36:14 scanner R48-399722-N
2020/01/17 22:36:14 scanner R48-399723-N
2020/01/17 22:36:14 scanner R48-399724-N
2020/01/17 22:36:14 scanner R48-399725-N
2020/01/17 22:36:14 scanner R48-399726-N
2020/01/17 22:36:14 scanner R48-399730-N
2020/01/17 22:36:14 scanner R48-399732-N
2020/01/17 22:36:14 scanner R48-399733-N
2020/01/17 22:36:14 scanner R48-399735-N
2020/01/17 22:36:14 scanner R48-399741-N
2020/01/17 22:36:14 scanner R48-399742-N
2020/01/17 22:36:14 scanner R48-399743-N
2020/01/17 22:36:14 scanner R48-399744-N
2020/01/17 22:36:14 scanner R48-399745-N
2020/01/17 22:36:14 scanner R48-399746-N
2020/01/17 22:36:14 scanner R48-399747-N
2020/01/17 22:36:14 scanner R48-399748-N
2020/01/17 22:36:14 scanner R48-399749-N
2020/01/17 22:36:14 scanner R48-399750-N
2020/01/17 22:36:14 scanner R48-399752-N
2020/01/17 22:36:14 scanner R48-399753-N
2020/01/17 22:36:14 scanner R48-399754-N
2020/01/17 22:36:14 scanner R48-399755-N
2020/01/17 22:36:14 scanner R48-399759-N
2020/01/17 22:36:14 scanner R48-399760-N
2020/01/17 22:36:14 scanner R48-399761-N
2020/01/17 22:36:14 scanner R48-399762-N
2020/01/17 22:36:14 scanner R48-399764-N
2020/01/17 22:36:14 scanner R48-399768-N
2020/01/17 22:36:14 scanner R48-399770-N
2020/01/17 22:36:14 scanner R48-399771-N
2020/01/17 22:36:14 scanner R48-399772-N
2020/01/17 22:36:14 scanner R48-399773-N
2020/01/17 22:36:14 scanner R48-399774-N
2020/01/17 22:36:14 scanner R48-399775-N
2020/01/17 22:36:14 scanner R48-399776-N
2020/01/17 22:36:14 scanner R48-399777-N
2020/01/17 22:36:14 scanner R48-399778-N
2020/01/17 22:36:14 scanner R48-399780-N
2020/01/17 22:36:14 scanner R48-399782-N
2020/01/17 22:36:14 scanner R48-399783-N
2020/01/17 22:36:14 scanner R48-399784-N
2020/01/17 22:36:14 scanner R48-399785-N
2020/01/17 22:36:14 scanner R48-399787-N
2020/01/17 22:36:14 scanner R48-399788-N
2020/01/17 22:36:14 scanner R48-399800-N
2020/01/17 22:36:14 scanner R48-399801-N
2020/01/17 22:36:14 scanner R48-399811-N
2020/01/17 22:36:14 scanner R48-399812-N
2020/01/17 22:36:14 scanner R48-399813-N
2020/01/17 22:36:14 scanner R48-399814-N
2020/01/17 22:36:14 scanner R48-399817-N
2020/01/17 22:36:14 scanner R48-399821-N
2020/01/17 22:36:14 scanner R48-399822-N
2020/01/17 22:36:14 scanner R48-399823-N
2020/01/17 22:36:14 scanner R48-399824-N
2020/01/17 22:36:14 scanner R48-399825-N
2020/01/17 22:36:14 scanner R48-399830-N
2020/01/17 22:36:14 scanner R48-399831-N
2020/01/17 22:36:14 scanner R48-399832-N
2020/01/17 22:36:14 scanner R48-399833-N
2020/01/17 22:36:14 scanner R48-399836-N
2020/01/17 22:36:14 scanner R48-399837-N
2020/01/17 22:36:14 scanner R48-399838-N
2020/01/17 22:36:14 scanner R48-399839-N
2020/01/17 22:36:14 scanner R48-399840-N
2020/01/17 22:36:14 scanner R48-399841-N
2020/01/17 22:36:14 scanner R48-399843-N
2020/01/17 22:36:14 scanner R48-399844-N
2020/01/17 22:36:14 scanner R48-399845-N
2020/01/17 22:36:14 scanner R48-399850-N
2020/01/17 22:36:14 scanner R48-399851-N
2020/01/17 22:36:14 scanner R48-399852-N
2020/01/17 22:36:14 scanner R48-399853-N
2020/01/17 22:36:14 scanner R48-399854-N
2020/01/17 22:36:14 scanner R48-399870-N
2020/01/17 22:36:14 scanner R48-399873-N
2020/01/17 22:36:14 scanner R48-399874-N
2020/01/17 22:36:14 scanner R48-399875-N
2020/01/17 22:36:14 scanner R48-399876-N
2020/01/17 22:36:14 scanner R48-399877-N
2020/01/17 22:36:14 scanner R48-399878-N
2020/01/17 22:36:14 scanner R48-399879-N
2020/01/17 22:36:14 scanner R48-399880-N
2020/01/17 22:36:14 scanner R48-399881-N
2020/01/17 22:36:14 scanner R48-399882-N
2020/01/17 22:36:14 scanner R48-399883-N
2020/01/17 22:36:14 scanner R48-399884-N
2020/01/17 22:36:14 scanner R48-399886-N
2020/01/17 22:36:14 scanner R48-399887-N
2020/01/17 22:36:14 scanner R48-399888-N
2020/01/17 22:36:14 scanner R48-399891-N
2020/01/17 22:36:14 scanner R48-399892-N
2020/01/17 22:36:14 scanner R48-399893-N
2020/01/17 22:36:14 scanner R48-399140-N
2020/01/17 22:36:14 scanner R48-399144-N
2020/01/17 22:36:14 scanner R48-399145-N
2020/01/17 22:36:14 scanner R48-399146-N
2020/01/17 22:36:14 scanner R48-399147-N
2020/01/17 22:36:14 scanner R48-399148-N
2020/01/17 22:36:14 scanner R48-399150-N
2020/01/17 22:36:14 scanner R48-399151-N
2020/01/17 22:36:14 scanner R48-399152-N
2020/01/17 22:36:14 scanner R48-399153-N
2020/01/17 22:36:14 scanner R48-399154-N
2020/01/17 22:36:14 scanner R48-399155-N
2020/01/17 22:36:14 scanner R48-399161-N
2020/01/17 22:36:14 scanner R48-399162-N
2020/01/17 22:36:14 scanner R48-399170-N
2020/01/17 22:36:14 scanner R48-399171-N
2020/01/17 22:36:14 scanner R48-399172-N
2020/01/17 22:36:14 scanner R48-399173-N
2020/01/17 22:36:14 scanner R48-399174-N
2020/01/17 22:36:14 scanner R48-399175-N
2020/01/17 22:36:14 scanner R48-399900-N
2020/01/17 22:36:14 scanner R48-399901-N
2020/01/17 22:36:14 scanner R48-399902-N
2020/01/17 22:36:14 scanner R48-399903-N
2020/01/17 22:36:14 scanner R48-399910-N
2020/01/17 22:36:14 scanner R48-399911-N
2020/01/17 22:36:14 scanner R48-399912-N
2020/01/17 22:36:14 scanner R48-399913-N
2020/01/17 22:36:14 scanner R48-399915-N
2020/01/17 22:36:14 scanner R48-399916-N
2020/01/17 22:36:14 scanner R48-399917-N
2020/01/17 22:36:14 scanner R48-399920-N
2020/01/17 22:36:14 scanner R48-399921-N
2020/01/17 22:36:14 scanner R48-399922-N
2020/01/17 22:36:14 scanner R48-399923-N
2020/01/17 22:36:14 scanner R48-399924-N
2020/01/17 22:36:14 scanner R48-399925-N
2020/01/17 22:36:14 scanner R48-399930-N
2020/01/17 22:36:14 scanner R48-399931-N
2020/01/17 22:36:14 scanner R48-399932-N
2020/01/17 22:36:14 scanner R48-399933-N
2020/01/17 22:36:14 scanner R48-399934-N
2020/01/17 22:36:14 scanner R48-399935-N
2020/01/17 22:36:14 scanner R48-399940-N
2020/01/17 22:36:14 scanner R48-399941-N
2020/01/17 22:36:14 scanner R48-399942-N
2020/01/17 22:36:14 scanner R48-399943-N
2020/01/17 22:36:14 scanner R48-399944-N
2020/01/17 22:36:14 scanner R48-399945-N
2020/01/17 22:36:14 scanner R48-399946-N
2020/01/17 22:36:14 scanner R48-399947-N
2020/01/17 22:36:14 scanner R48-399948-N
2020/01/17 22:36:14 scanner R48-399949-N
2020/01/17 22:36:14 scanner R48-399564-N
2020/01/17 22:36:14 scanner R48-399515-N
2020/01/17 22:36:14 scanner R48-399582-N
2020/01/17 22:36:14 scanner R48-399554-N
2020/01/17 22:36:14 scanner R48-399531-N
2020/01/17 22:36:14 scanner R48-399514-N
2020/01/17 22:36:14 scanner R48-399556-N
2020/01/17 22:36:14 scanner R48-399574-N
2020/01/17 22:36:14 scanner R48-399560-N
2020/01/17 22:36:14 scanner R48-399525-N
2020/01/17 22:36:14 scanner R48-399513-N
2020/01/17 22:36:14 scanner R48-399558-N
2020/01/17 22:36:14 scanner R48-399504-N
2020/01/17 22:36:14 scanner R48-399580-N
2020/01/17 22:36:14 scanner R48-399589-N
2020/01/17 22:36:14 scanner R48-399551-N
2020/01/17 22:36:14 scanner R48-399505-N
2020/01/17 22:36:14 scanner R48-399583-N
2020/01/17 22:36:14 scanner R48-399503-N
2020/01/17 22:36:14 scanner R48-399510-N
2020/01/17 22:36:14 scanner R48-399523-N
2020/01/17 22:36:14 scanner R48-399512-N
2020/01/17 22:36:14 scanner R48-399557-N
2020/01/17 22:36:14 scanner R48-399528-N
2020/01/17 22:36:14 scanner R48-399527-N
2020/01/17 22:36:14 scanner R48-399520-N
2020/01/17 22:36:14 scanner R48-399586-N
2020/01/17 22:36:14 scanner R48-399532-N
2020/01/17 22:36:14 scanner R48-399591-N
2020/01/17 22:36:14 scanner R48-399571-N
2020/01/17 22:36:14 scanner R48-399562-N
2020/01/17 22:36:14 scanner R48-399588-N
2020/01/17 22:36:14 scanner R48-399566-N
2020/01/17 22:36:14 scanner R48-399521-N
2020/01/17 22:36:14 scanner R48-399501-N
2020/01/17 22:36:14 scanner R48-399543-N
2020/01/17 22:36:14 scanner R48-399546-N
2020/01/17 22:36:14 scanner R48-399526-N
2020/01/17 22:36:14 scanner R48-399565-N
2020/01/17 22:36:14 scanner R48-399585-N
2020/01/17 22:36:14 scanner R48-399570-N
2020/01/17 22:36:14 scanner R48-399561-N
2020/01/17 22:36:14 scanner R48-399587-N
2020/01/17 22:36:14 scanner R48-399573-N
2020/01/17 22:36:14 scanner R48-399575-N
2020/01/17 22:36:14 scanner R48-399553-N
2020/01/17 22:36:14 scanner R48-399555-N
2020/01/17 22:36:14 scanner R48-399545-N
2020/01/17 22:36:14 scanner R48-399544-N
2020/01/17 22:36:14 scanner R48-399502-N
2020/01/17 22:36:14 scanner R48-399522-N
2020/01/17 22:36:14 scanner R48-399550-N
2020/01/17 22:36:14 scanner R48-399500-N
2020/01/17 22:36:14 scanner R48-399509-N
2020/01/17 22:36:14 scanner R48-399540-N
2020/01/17 22:36:14 scanner R48-399547-N
2020/01/17 22:36:14 scanner R48-399563-N
2020/01/17 22:36:14 scanner R48-399584-N
2020/01/17 22:36:14 scanner R48-399552-N
2020/01/17 22:36:18 	Error	R48-398000-N	dial tcp 10.98.5.130:7502: i/o timeout
2020/01/17 22:36:22 	Error	R48-398001-N	dial tcp 10.98.73.3:7502: i/o timeout
2020/01/17 22:36:26 	Error	R48-398002-N	dial tcp 10.98.73.66:7502: i/o timeout
2020/01/17 22:36:30 	Error	R48-398004-N	dial tcp 10.98.147.2:7502: i/o timeout
2020/01/17 22:36:34 	Error	R48-398005-N	dial tcp 10.98.24.2:7502: i/o timeout
2020/01/17 22:36:38 	Error	R48-398006-N	dial tcp 10.98.24.93:7502: i/o timeout
2020/01/17 22:36:42 	Error	R48-398007-N	dial tcp 10.98.24.135:7502: i/o timeout
2020/01/17 22:36:46 	Error	R48-398008-N	dial tcp 10.98.73.157:7502: i/o timeout
2020/01/17 22:36:50 	Error	R48-398010-N	dial tcp 10.98.158.226:7502: i/o timeout
2020/01/17 22:36:54 	Error	R48-398011-N	dial tcp 10.98.73.222:7502: i/o timeout
2020/01/17 22:36:58 	Error	R48-398013-N	dial tcp 10.98.74.29:7502: i/o timeout
2020/01/17 22:37:02 	Error	R48-398014-N	dial tcp 10.98.5.154:7502: i/o timeout
2020/01/17 22:37:06 	Error	R48-398015-N	dial tcp 10.98.74.67:7502: i/o timeout
2020/01/17 22:37:10 	Error	R48-398016-N	dial tcp 10.98.74.130:7502: i/o timeout
2020/01/17 22:37:14 	Error	R48-398017-N	dial tcp 10.98.74.210:7502: i/o timeout
2020/01/17 22:37:18 	Error	R48-398019-N	dial tcp 10.98.112.35:7502: i/o timeout
2020/01/17 22:37:22 	Error	R48-398020-N	dial tcp 10.98.75.2:7502: i/o timeout
2020/01/17 22:37:26 	Error	R48-398024-N	dial tcp 10.98.6.26:7502: i/o timeout
2020/01/17 22:37:30 	Error	R48-398025-N	dial tcp 10.98.75.93:7502: i/o timeout
2020/01/17 22:37:34 	Error	R48-398026-N	dial tcp 10.98.75.158:7502: i/o timeout
2020/01/17 22:37:38 	Error	R48-398027-N	dial tcp 10.98.112.66:7502: i/o timeout
2020/01/17 22:37:42 	Error	R48-398029-N	dial tcp 10.98.75.222:7502: i/o timeout
2020/01/17 22:37:46 	Error	R48-398032-N	dial tcp 10.98.76.29:7502: i/o timeout
2020/01/17 22:37:50 	Error	R48-398035-N	dial tcp 10.98.76.66:7502: i/o timeout
2020/01/17 22:37:54 	Error	R48-398036-N	dial tcp 10.98.24.194:7502: i/o timeout
2020/01/17 22:37:58 	Error	R48-398037-N	dial tcp 10.98.76.133:7502: i/o timeout
2020/01/17 22:38:02 	Error	R48-398038-N	dial tcp 10.98.10.77:7502: i/o timeout
2020/01/17 22:38:06 	Error	R48-398040-N	dial tcp 10.98.112.131:7502: i/o timeout
2020/01/17 22:38:10 	Error	R48-398041-N	dial tcp 10.98.76.220:7502: i/o timeout
